INFO - 2024-06-10 02:57:04 --> Session: Class initialized using 'CodeIgniter\Session\Handlers\FileHandler' driver.
INFO - 2024-06-10 02:57:05 --> Session: Class initialized using 'CodeIgniter\Session\Handlers\FileHandler' driver.
INFO - 2024-06-10 02:57:08 --> Session: Class initialized using 'CodeIgniter\Session\Handlers\FileHandler' driver.
INFO - 2024-06-10 02:57:09 --> Session: Class initialized using 'CodeIgniter\Session\Handlers\FileHandler' driver.
INFO - 2024-06-10 02:57:12 --> Session: Class initialized using 'CodeIgniter\Session\Handlers\FileHandler' driver.
INFO - 2024-06-10 02:57:14 --> Session: Class initialized using 'CodeIgniter\Session\Handlers\FileHandler' driver.
INFO - 2024-06-10 02:57:19 --> Session: Class initialized using 'CodeIgniter\Session\Handlers\FileHandler' driver.
INFO - 2024-06-10 02:57:20 --> Session: Class initialized using 'CodeIgniter\Session\Handlers\FileHandler' driver.
INFO - 2024-06-10 02:57:26 --> Session: Class initialized using 'CodeIgniter\Session\Handlers\FileHandler' driver.
INFO - 2024-06-10 02:57:28 --> Session: Class initialized using 'CodeIgniter\Session\Handlers\FileHandler' driver.
INFO - 2024-06-10 02:57:34 --> Session: Class initialized using 'CodeIgniter\Session\Handlers\FileHandler' driver.
INFO - 2024-06-10 02:57:35 --> Session: Class initialized using 'CodeIgniter\Session\Handlers\FileHandler' driver.
INFO - 2024-06-10 02:57:36 --> Session: Class initialized using 'CodeIgniter\Session\Handlers\FileHandler' driver.
INFO - 2024-06-10 02:57:40 --> Session: Class initialized using 'CodeIgniter\Session\Handlers\FileHandler' driver.
INFO - 2024-06-10 02:57:40 --> Session: Class initialized using 'CodeIgniter\Session\Handlers\FileHandler' driver.
INFO - 2024-06-10 02:57:42 --> Session: Class initialized using 'CodeIgniter\Session\Handlers\FileHandler' driver.
INFO - 2024-06-10 02:57:44 --> Session: Class initialized using 'CodeIgniter\Session\Handlers\FileHandler' driver.
INFO - 2024-06-10 02:57:44 --> Session: Class initialized using 'CodeIgniter\Session\Handlers\FileHandler' driver.
INFO - 2024-06-10 02:58:28 --> Session: Class initialized using 'CodeIgniter\Session\Handlers\FileHandler' driver.
INFO - 2024-06-10 02:58:29 --> Session: Class initialized using 'CodeIgniter\Session\Handlers\FileHandler' driver.
INFO - 2024-06-10 02:58:30 --> Session: Class initialized using 'CodeIgniter\Session\Handlers\FileHandler' driver.
INFO - 2024-06-10 02:58:34 --> Session: Class initialized using 'CodeIgniter\Session\Handlers\FileHandler' driver.
INFO - 2024-06-10 02:58:34 --> Session: Class initialized using 'CodeIgniter\Session\Handlers\FileHandler' driver.
INFO - 2024-06-10 02:58:35 --> Session: Class initialized using 'CodeIgniter\Session\Handlers\FileHandler' driver.
INFO - 2024-06-10 02:58:38 --> Session: Class initialized using 'CodeIgniter\Session\Handlers\FileHandler' driver.
INFO - 2024-06-10 02:58:38 --> Session: Class initialized using 'CodeIgniter\Session\Handlers\FileHandler' driver.
INFO - 2024-06-10 02:58:40 --> Session: Class initialized using 'CodeIgniter\Session\Handlers\FileHandler' driver.
INFO - 2024-06-10 02:58:43 --> Session: Class initialized using 'CodeIgniter\Session\Handlers\FileHandler' driver.
INFO - 2024-06-10 02:58:46 --> Session: Class initialized using 'CodeIgniter\Session\Handlers\FileHandler' driver.
INFO - 2024-06-10 02:58:48 --> Session: Class initialized using 'CodeIgniter\Session\Handlers\FileHandler' driver.
INFO - 2024-06-10 02:58:53 --> Session: Class initialized using 'CodeIgniter\Session\Handlers\FileHandler' driver.
INFO - 2024-06-10 03:03:58 --> Session: Class initialized using 'CodeIgniter\Session\Handlers\FileHandler' driver.
INFO - 2024-06-10 03:04:01 --> Session: Class initialized using 'CodeIgniter\Session\Handlers\FileHandler' driver.
INFO - 2024-06-10 03:04:04 --> Session: Class initialized using 'CodeIgniter\Session\Handlers\FileHandler' driver.
INFO - 2024-06-10 03:04:18 --> Session: Class initialized using 'CodeIgniter\Session\Handlers\FileHandler' driver.
INFO - 2024-06-10 03:04:24 --> Session: Class initialized using 'CodeIgniter\Session\Handlers\FileHandler' driver.
INFO - 2024-06-10 03:04:30 --> Session: Class initialized using 'CodeIgniter\Session\Handlers\FileHandler' driver.
WARNING - 2024-06-10 03:04:30 --> [DEPRECATED] Function strftime() is deprecated in APPPATH\Controllers\Pengembalian.php on line 188.
 1 SYSTEMPATH\CodeIgniter.php(934): App\Controllers\Pengembalian->prosesPengembalian()
 2 SYSTEMPATH\CodeIgniter.php(499): CodeIgniter\CodeIgniter->runController(Object(App\Controllers\Pengembalian))
 3 SYSTEMPATH\CodeIgniter.php(368): CodeIgniter\CodeIgniter->handleRequest(null, Object(Config\Cache), false)
 4 FCPATH\index.php(67): CodeIgniter\CodeIgniter->run()
 5 SYSTEMPATH\Commands\Server\rewrite.php(47): require_once('FCPATH\\index.php')
INFO - 2024-06-10 03:04:30 --> Session: Class initialized using 'CodeIgniter\Session\Handlers\FileHandler' driver.
INFO - 2024-06-10 03:04:37 --> Session: Class initialized using 'CodeIgniter\Session\Handlers\FileHandler' driver.
INFO - 2024-06-10 03:04:39 --> Session: Class initialized using 'CodeIgniter\Session\Handlers\FileHandler' driver.
INFO - 2024-06-10 03:04:41 --> Session: Class initialized using 'CodeIgniter\Session\Handlers\FileHandler' driver.
INFO - 2024-06-10 03:04:44 --> Session: Class initialized using 'CodeIgniter\Session\Handlers\FileHandler' driver.
INFO - 2024-06-10 03:06:23 --> Session: Class initialized using 'CodeIgniter\Session\Handlers\FileHandler' driver.
INFO - 2024-06-10 03:06:26 --> Session: Class initialized using 'CodeIgniter\Session\Handlers\FileHandler' driver.
INFO - 2024-06-10 03:11:14 --> Session: Class initialized using 'CodeIgniter\Session\Handlers\FileHandler' driver.
CRITICAL - 2024-06-10 03:11:14 --> Undefined variable $peminjaman_id
in APPPATH\Controllers\Pengembalian.php on line 104.
 1 APPPATH\Controllers\Pengembalian.php(104): CodeIgniter\Debug\Exceptions->errorHandler(2, 'Undefined variable $peminjaman_id', 'APPPATH\\Controllers\\Pengembalian.php', 104)
 2 SYSTEMPATH\CodeIgniter.php(934): App\Controllers\Pengembalian->riwayat()
 3 SYSTEMPATH\CodeIgniter.php(499): CodeIgniter\CodeIgniter->runController(Object(App\Controllers\Pengembalian))
 4 SYSTEMPATH\CodeIgniter.php(368): CodeIgniter\CodeIgniter->handleRequest(null, Object(Config\Cache), false)
 5 FCPATH\index.php(67): CodeIgniter\CodeIgniter->run()
 6 SYSTEMPATH\Commands\Server\rewrite.php(47): require_once('FCPATH\\index.php')
INFO - 2024-06-10 03:14:36 --> Session: Class initialized using 'CodeIgniter\Session\Handlers\FileHandler' driver.
INFO - 2024-06-10 03:20:11 --> Session: Class initialized using 'CodeIgniter\Session\Handlers\FileHandler' driver.
INFO - 2024-06-10 03:20:15 --> Session: Class initialized using 'CodeIgniter\Session\Handlers\FileHandler' driver.
INFO - 2024-06-10 03:20:22 --> Session: Class initialized using 'CodeIgniter\Session\Handlers\FileHandler' driver.
WARNING - 2024-06-10 03:20:22 --> [DEPRECATED] Function strftime() is deprecated in APPPATH\Controllers\Pengembalian.php on line 187.
 1 SYSTEMPATH\CodeIgniter.php(934): App\Controllers\Pengembalian->prosesPengembalian()
 2 SYSTEMPATH\CodeIgniter.php(499): CodeIgniter\CodeIgniter->runController(Object(App\Controllers\Pengembalian))
 3 SYSTEMPATH\CodeIgniter.php(368): CodeIgniter\CodeIgniter->handleRequest(null, Object(Config\Cache), false)
 4 FCPATH\index.php(67): CodeIgniter\CodeIgniter->run()
 5 SYSTEMPATH\Commands\Server\rewrite.php(47): require_once('FCPATH\\index.php')
INFO - 2024-06-10 03:20:22 --> Session: Class initialized using 'CodeIgniter\Session\Handlers\FileHandler' driver.
INFO - 2024-06-10 03:23:01 --> Session: Class initialized using 'CodeIgniter\Session\Handlers\FileHandler' driver.
INFO - 2024-06-10 03:28:24 --> Session: Class initialized using 'CodeIgniter\Session\Handlers\FileHandler' driver.
INFO - 2024-06-10 03:31:12 --> Session: Class initialized using 'CodeIgniter\Session\Handlers\FileHandler' driver.
ERROR - 2024-06-10 03:31:12 --> mysqli_sql_exception: Unknown column 'kode_pinjam' in 'where clause' in C:\xampp\htdocs\yky-pinjam\system\Database\MySQLi\Connection.php:295
Stack trace:
#0 C:\xampp\htdocs\yky-pinjam\system\Database\MySQLi\Connection.php(295): mysqli->query('SELECT COUNT(*)...', 0)
#1 C:\xampp\htdocs\yky-pinjam\system\Database\BaseConnection.php(691): CodeIgniter\Database\MySQLi\Connection->execute('SELECT COUNT(*)...')
#2 C:\xampp\htdocs\yky-pinjam\system\Database\BaseConnection.php(605): CodeIgniter\Database\BaseConnection->simpleQuery('SELECT COUNT(*)...')
#3 C:\xampp\htdocs\yky-pinjam\system\Database\BaseBuilder.php(1685): CodeIgniter\Database\BaseConnection->query('SELECT COUNT(*)...', Array, false)
#4 C:\xampp\htdocs\yky-pinjam\system\Model.php(604): CodeIgniter\Database\BaseBuilder->countAllResults(true)
#5 C:\xampp\htdocs\yky-pinjam\app\Models\PeminjamanbarangModel.php(260): CodeIgniter\Model->countAllResults()
#6 C:\xampp\htdocs\yky-pinjam\app\Controllers\Pengembalian.php(106): App\Models\PeminjamanbarangModel->checkPeminjamanExists('P-YKY-LAB-00197')
#7 C:\xampp\htdocs\yky-pinjam\system\CodeIgniter.php(934): App\Controllers\Pengembalian->riwayat()
#8 C:\xampp\htdocs\yky-pinjam\system\CodeIgniter.php(499): CodeIgniter\CodeIgniter->runController(Object(App\Controllers\Pengembalian))
#9 C:\xampp\htdocs\yky-pinjam\system\CodeIgniter.php(368): CodeIgniter\CodeIgniter->handleRequest(NULL, Object(Config\Cache), false)
#10 C:\xampp\htdocs\yky-pinjam\public\index.php(67): CodeIgniter\CodeIgniter->run()
#11 C:\xampp\htdocs\yky-pinjam\system\Commands\Server\rewrite.php(47): require_once('C:\\xampp\\htdocs...')
#12 {main}
CRITICAL - 2024-06-10 03:31:12 --> Unknown column 'kode_pinjam' in 'where clause'
in SYSTEMPATH\Database\BaseConnection.php on line 645.
 1 SYSTEMPATH\Database\BaseBuilder.php(1685): CodeIgniter\Database\BaseConnection->query('SELECT COUNT(*) AS `numrows`
FROM `tbl_peminjaman_barang`
WHERE `kode_pinjam` = :kode_pinjam:', [...], false)
 2 SYSTEMPATH\Model.php(604): CodeIgniter\Database\BaseBuilder->countAllResults(true)
 3 APPPATH\Models\PeminjamanbarangModel.php(260): CodeIgniter\Model->countAllResults()
 4 APPPATH\Controllers\Pengembalian.php(106): App\Models\PeminjamanbarangModel->checkPeminjamanExists('P-YKY-LAB-00197')
 5 SYSTEMPATH\CodeIgniter.php(934): App\Controllers\Pengembalian->riwayat()
 6 SYSTEMPATH\CodeIgniter.php(499): CodeIgniter\CodeIgniter->runController(Object(App\Controllers\Pengembalian))
 7 SYSTEMPATH\CodeIgniter.php(368): CodeIgniter\CodeIgniter->handleRequest(null, Object(Config\Cache), false)
 8 FCPATH\index.php(67): CodeIgniter\CodeIgniter->run()
 9 SYSTEMPATH\Commands\Server\rewrite.php(47): require_once('FCPATH\\index.php')
INFO - 2024-06-10 03:38:20 --> Session: Class initialized using 'CodeIgniter\Session\Handlers\FileHandler' driver.
CRITICAL - 2024-06-10 03:38:20 --> Call to undefined method App\Models\PeminjamanbarangModel::findPeminjamanBarangIdsByKodeKembali
in SYSTEMPATH\Model.php on line 840.
 1 APPPATH\Controllers\Pengembalian.php(103): CodeIgniter\Model->__call('findPeminjamanBarangIdsByKodeKembali', [...])
 2 SYSTEMPATH\CodeIgniter.php(934): App\Controllers\Pengembalian->riwayat()
 3 SYSTEMPATH\CodeIgniter.php(499): CodeIgniter\CodeIgniter->runController(Object(App\Controllers\Pengembalian))
 4 SYSTEMPATH\CodeIgniter.php(368): CodeIgniter\CodeIgniter->handleRequest(null, Object(Config\Cache), false)
 5 FCPATH\index.php(67): CodeIgniter\CodeIgniter->run()
 6 SYSTEMPATH\Commands\Server\rewrite.php(47): require_once('FCPATH\\index.php')
INFO - 2024-06-10 03:38:41 --> Session: Class initialized using 'CodeIgniter\Session\Handlers\FileHandler' driver.
ERROR - 2024-06-10 03:38:41 --> mysqli_sql_exception: Unknown column 'kode_kembali' in 'where clause' in C:\xampp\htdocs\yky-pinjam\system\Database\MySQLi\Connection.php:295
Stack trace:
#0 C:\xampp\htdocs\yky-pinjam\system\Database\MySQLi\Connection.php(295): mysqli->query('SELECT *\nFROM `...', 0)
#1 C:\xampp\htdocs\yky-pinjam\system\Database\BaseConnection.php(691): CodeIgniter\Database\MySQLi\Connection->execute('SELECT *\nFROM `...')
#2 C:\xampp\htdocs\yky-pinjam\system\Database\BaseConnection.php(605): CodeIgniter\Database\BaseConnection->simpleQuery('SELECT *\nFROM `...')
#3 C:\xampp\htdocs\yky-pinjam\system\Database\BaseBuilder.php(1601): CodeIgniter\Database\BaseConnection->query('SELECT *\nFROM `...', Array, false)
#4 C:\xampp\htdocs\yky-pinjam\system\Model.php(240): CodeIgniter\Database\BaseBuilder->get()
#5 C:\xampp\htdocs\yky-pinjam\system\BaseModel.php(618): CodeIgniter\Model->doFindAll(0, 0)
#6 C:\xampp\htdocs\yky-pinjam\app\Models\PeminjamanbarangModel.php(255): CodeIgniter\BaseModel->findAll()
#7 C:\xampp\htdocs\yky-pinjam\app\Controllers\Pengembalian.php(103): App\Models\PeminjamanbarangModel->findPeminjamanBarangIdsByKodeKembali('P-YKY-LAB-00197')
#8 C:\xampp\htdocs\yky-pinjam\system\CodeIgniter.php(934): App\Controllers\Pengembalian->riwayat()
#9 C:\xampp\htdocs\yky-pinjam\system\CodeIgniter.php(499): CodeIgniter\CodeIgniter->runController(Object(App\Controllers\Pengembalian))
#10 C:\xampp\htdocs\yky-pinjam\system\CodeIgniter.php(368): CodeIgniter\CodeIgniter->handleRequest(NULL, Object(Config\Cache), false)
#11 C:\xampp\htdocs\yky-pinjam\public\index.php(67): CodeIgniter\CodeIgniter->run()
#12 C:\xampp\htdocs\yky-pinjam\system\Commands\Server\rewrite.php(47): require_once('C:\\xampp\\htdocs...')
#13 {main}
CRITICAL - 2024-06-10 03:38:41 --> Unknown column 'kode_kembali' in 'where clause'
in SYSTEMPATH\Database\BaseConnection.php on line 645.
 1 SYSTEMPATH\Database\BaseBuilder.php(1601): CodeIgniter\Database\BaseConnection->query('SELECT *
FROM `tbl_peminjaman_barang`
WHERE `kode_kembali` = :kode_kembali:', [...], false)
 2 SYSTEMPATH\Model.php(240): CodeIgniter\Database\BaseBuilder->get()
 3 SYSTEMPATH\BaseModel.php(618): CodeIgniter\Model->doFindAll(0, 0)
 4 APPPATH\Models\PeminjamanbarangModel.php(255): CodeIgniter\BaseModel->findAll()
 5 APPPATH\Controllers\Pengembalian.php(103): App\Models\PeminjamanbarangModel->findPeminjamanBarangIdsByKodeKembali('P-YKY-LAB-00197')
 6 SYSTEMPATH\CodeIgniter.php(934): App\Controllers\Pengembalian->riwayat()
 7 SYSTEMPATH\CodeIgniter.php(499): CodeIgniter\CodeIgniter->runController(Object(App\Controllers\Pengembalian))
 8 SYSTEMPATH\CodeIgniter.php(368): CodeIgniter\CodeIgniter->handleRequest(null, Object(Config\Cache), false)
 9 FCPATH\index.php(67): CodeIgniter\CodeIgniter->run()
10 SYSTEMPATH\Commands\Server\rewrite.php(47): require_once('FCPATH\\index.php')
INFO - 2024-06-10 03:40:22 --> Session: Class initialized using 'CodeIgniter\Session\Handlers\FileHandler' driver.
ERROR - 2024-06-10 03:40:22 --> mysqli_sql_exception: Unknown column 'kode_kembali' in 'where clause' in C:\xampp\htdocs\yky-pinjam\system\Database\MySQLi\Connection.php:295
Stack trace:
#0 C:\xampp\htdocs\yky-pinjam\system\Database\MySQLi\Connection.php(295): mysqli->query('SELECT *\nFROM `...', 0)
#1 C:\xampp\htdocs\yky-pinjam\system\Database\BaseConnection.php(691): CodeIgniter\Database\MySQLi\Connection->execute('SELECT *\nFROM `...')
#2 C:\xampp\htdocs\yky-pinjam\system\Database\BaseConnection.php(605): CodeIgniter\Database\BaseConnection->simpleQuery('SELECT *\nFROM `...')
#3 C:\xampp\htdocs\yky-pinjam\system\Database\BaseBuilder.php(1601): CodeIgniter\Database\BaseConnection->query('SELECT *\nFROM `...', Array, false)
#4 C:\xampp\htdocs\yky-pinjam\system\Model.php(240): CodeIgniter\Database\BaseBuilder->get()
#5 C:\xampp\htdocs\yky-pinjam\system\BaseModel.php(618): CodeIgniter\Model->doFindAll(0, 0)
#6 C:\xampp\htdocs\yky-pinjam\app\Models\PeminjamanbarangModel.php(255): CodeIgniter\BaseModel->findAll()
#7 C:\xampp\htdocs\yky-pinjam\app\Controllers\Pengembalian.php(103): App\Models\PeminjamanbarangModel->findPeminjamanBarangIdsByKodeKembali('P-YKY-LAB-00197')
#8 C:\xampp\htdocs\yky-pinjam\system\CodeIgniter.php(934): App\Controllers\Pengembalian->riwayat()
#9 C:\xampp\htdocs\yky-pinjam\system\CodeIgniter.php(499): CodeIgniter\CodeIgniter->runController(Object(App\Controllers\Pengembalian))
#10 C:\xampp\htdocs\yky-pinjam\system\CodeIgniter.php(368): CodeIgniter\CodeIgniter->handleRequest(NULL, Object(Config\Cache), false)
#11 C:\xampp\htdocs\yky-pinjam\public\index.php(67): CodeIgniter\CodeIgniter->run()
#12 C:\xampp\htdocs\yky-pinjam\system\Commands\Server\rewrite.php(47): require_once('C:\\xampp\\htdocs...')
#13 {main}
CRITICAL - 2024-06-10 03:40:22 --> Unknown column 'kode_kembali' in 'where clause'
in SYSTEMPATH\Database\BaseConnection.php on line 645.
 1 SYSTEMPATH\Database\BaseBuilder.php(1601): CodeIgniter\Database\BaseConnection->query('SELECT *
FROM `tbl_peminjaman_barang`
WHERE `kode_kembali` = :kode_kembali:', [...], false)
 2 SYSTEMPATH\Model.php(240): CodeIgniter\Database\BaseBuilder->get()
 3 SYSTEMPATH\BaseModel.php(618): CodeIgniter\Model->doFindAll(0, 0)
 4 APPPATH\Models\PeminjamanbarangModel.php(255): CodeIgniter\BaseModel->findAll()
 5 APPPATH\Controllers\Pengembalian.php(103): App\Models\PeminjamanbarangModel->findPeminjamanBarangIdsByKodeKembali('P-YKY-LAB-00197')
 6 SYSTEMPATH\CodeIgniter.php(934): App\Controllers\Pengembalian->riwayat()
 7 SYSTEMPATH\CodeIgniter.php(499): CodeIgniter\CodeIgniter->runController(Object(App\Controllers\Pengembalian))
 8 SYSTEMPATH\CodeIgniter.php(368): CodeIgniter\CodeIgniter->handleRequest(null, Object(Config\Cache), false)
 9 FCPATH\index.php(67): CodeIgniter\CodeIgniter->run()
10 SYSTEMPATH\Commands\Server\rewrite.php(47): require_once('FCPATH\\index.php')
INFO - 2024-06-10 03:44:27 --> Session: Class initialized using 'CodeIgniter\Session\Handlers\FileHandler' driver.
ERROR - 2024-06-10 03:44:28 --> mysqli_sql_exception: Unknown column 'kode_kembali' in 'where clause' in C:\xampp\htdocs\yky-pinjam\system\Database\MySQLi\Connection.php:295
Stack trace:
#0 C:\xampp\htdocs\yky-pinjam\system\Database\MySQLi\Connection.php(295): mysqli->query('SELECT *\nFROM `...', 0)
#1 C:\xampp\htdocs\yky-pinjam\system\Database\BaseConnection.php(691): CodeIgniter\Database\MySQLi\Connection->execute('SELECT *\nFROM `...')
#2 C:\xampp\htdocs\yky-pinjam\system\Database\BaseConnection.php(605): CodeIgniter\Database\BaseConnection->simpleQuery('SELECT *\nFROM `...')
#3 C:\xampp\htdocs\yky-pinjam\system\Database\BaseBuilder.php(1601): CodeIgniter\Database\BaseConnection->query('SELECT *\nFROM `...', Array, false)
#4 C:\xampp\htdocs\yky-pinjam\system\Model.php(240): CodeIgniter\Database\BaseBuilder->get()
#5 C:\xampp\htdocs\yky-pinjam\system\BaseModel.php(618): CodeIgniter\Model->doFindAll(0, 0)
#6 C:\xampp\htdocs\yky-pinjam\app\Models\PeminjamanbarangModel.php(255): CodeIgniter\BaseModel->findAll()
#7 C:\xampp\htdocs\yky-pinjam\app\Controllers\Pengembalian.php(103): App\Models\PeminjamanbarangModel->findPeminjamanBarangIdsByKodeKembali('P-YKY-LAB-00197')
#8 C:\xampp\htdocs\yky-pinjam\system\CodeIgniter.php(934): App\Controllers\Pengembalian->riwayat()
#9 C:\xampp\htdocs\yky-pinjam\system\CodeIgniter.php(499): CodeIgniter\CodeIgniter->runController(Object(App\Controllers\Pengembalian))
#10 C:\xampp\htdocs\yky-pinjam\system\CodeIgniter.php(368): CodeIgniter\CodeIgniter->handleRequest(NULL, Object(Config\Cache), false)
#11 C:\xampp\htdocs\yky-pinjam\public\index.php(67): CodeIgniter\CodeIgniter->run()
#12 C:\xampp\htdocs\yky-pinjam\system\Commands\Server\rewrite.php(47): require_once('C:\\xampp\\htdocs...')
#13 {main}
CRITICAL - 2024-06-10 03:44:28 --> Unknown column 'kode_kembali' in 'where clause'
in SYSTEMPATH\Database\BaseConnection.php on line 645.
 1 SYSTEMPATH\Database\BaseBuilder.php(1601): CodeIgniter\Database\BaseConnection->query('SELECT *
FROM `tbl_peminjaman_barang`
WHERE `kode_kembali` = :kode_kembali:', [...], false)
 2 SYSTEMPATH\Model.php(240): CodeIgniter\Database\BaseBuilder->get()
 3 SYSTEMPATH\BaseModel.php(618): CodeIgniter\Model->doFindAll(0, 0)
 4 APPPATH\Models\PeminjamanbarangModel.php(255): CodeIgniter\BaseModel->findAll()
 5 APPPATH\Controllers\Pengembalian.php(103): App\Models\PeminjamanbarangModel->findPeminjamanBarangIdsByKodeKembali('P-YKY-LAB-00197')
 6 SYSTEMPATH\CodeIgniter.php(934): App\Controllers\Pengembalian->riwayat()
 7 SYSTEMPATH\CodeIgniter.php(499): CodeIgniter\CodeIgniter->runController(Object(App\Controllers\Pengembalian))
 8 SYSTEMPATH\CodeIgniter.php(368): CodeIgniter\CodeIgniter->handleRequest(null, Object(Config\Cache), false)
 9 FCPATH\index.php(67): CodeIgniter\CodeIgniter->run()
10 SYSTEMPATH\Commands\Server\rewrite.php(47): require_once('FCPATH\\index.php')
INFO - 2024-06-10 03:53:34 --> Session: Class initialized using 'CodeIgniter\Session\Handlers\FileHandler' driver.
ERROR - 2024-06-10 03:53:34 --> mysqli_sql_exception: Unknown column 'kode_kembali' in 'where clause' in C:\xampp\htdocs\yky-pinjam\system\Database\MySQLi\Connection.php:295
Stack trace:
#0 C:\xampp\htdocs\yky-pinjam\system\Database\MySQLi\Connection.php(295): mysqli->query('SELECT *\nFROM `...', 0)
#1 C:\xampp\htdocs\yky-pinjam\system\Database\BaseConnection.php(691): CodeIgniter\Database\MySQLi\Connection->execute('SELECT *\nFROM `...')
#2 C:\xampp\htdocs\yky-pinjam\system\Database\BaseConnection.php(605): CodeIgniter\Database\BaseConnection->simpleQuery('SELECT *\nFROM `...')
#3 C:\xampp\htdocs\yky-pinjam\system\Database\BaseBuilder.php(1601): CodeIgniter\Database\BaseConnection->query('SELECT *\nFROM `...', Array, false)
#4 C:\xampp\htdocs\yky-pinjam\system\Model.php(240): CodeIgniter\Database\BaseBuilder->get()
#5 C:\xampp\htdocs\yky-pinjam\system\BaseModel.php(618): CodeIgniter\Model->doFindAll(0, 0)
#6 C:\xampp\htdocs\yky-pinjam\app\Models\PeminjamanbarangModel.php(256): CodeIgniter\BaseModel->findAll()
#7 C:\xampp\htdocs\yky-pinjam\app\Controllers\Pengembalian.php(103): App\Models\PeminjamanbarangModel->findPeminjamanBarangIdsByKodeKembali('K-YKY-LAB-00133')
#8 C:\xampp\htdocs\yky-pinjam\system\CodeIgniter.php(934): App\Controllers\Pengembalian->riwayat()
#9 C:\xampp\htdocs\yky-pinjam\system\CodeIgniter.php(499): CodeIgniter\CodeIgniter->runController(Object(App\Controllers\Pengembalian))
#10 C:\xampp\htdocs\yky-pinjam\system\CodeIgniter.php(368): CodeIgniter\CodeIgniter->handleRequest(NULL, Object(Config\Cache), false)
#11 C:\xampp\htdocs\yky-pinjam\public\index.php(67): CodeIgniter\CodeIgniter->run()
#12 C:\xampp\htdocs\yky-pinjam\system\Commands\Server\rewrite.php(47): require_once('C:\\xampp\\htdocs...')
#13 {main}
CRITICAL - 2024-06-10 03:53:34 --> Unknown column 'kode_kembali' in 'where clause'
in SYSTEMPATH\Database\BaseConnection.php on line 645.
 1 SYSTEMPATH\Database\BaseBuilder.php(1601): CodeIgniter\Database\BaseConnection->query('SELECT *
FROM `tbl_peminjaman_barang`
WHERE `kode_kembali` = :kode_kembali:', [...], false)
 2 SYSTEMPATH\Model.php(240): CodeIgniter\Database\BaseBuilder->get()
 3 SYSTEMPATH\BaseModel.php(618): CodeIgniter\Model->doFindAll(0, 0)
 4 APPPATH\Models\PeminjamanbarangModel.php(256): CodeIgniter\BaseModel->findAll()
 5 APPPATH\Controllers\Pengembalian.php(103): App\Models\PeminjamanbarangModel->findPeminjamanBarangIdsByKodeKembali('K-YKY-LAB-00133')
 6 SYSTEMPATH\CodeIgniter.php(934): App\Controllers\Pengembalian->riwayat()
 7 SYSTEMPATH\CodeIgniter.php(499): CodeIgniter\CodeIgniter->runController(Object(App\Controllers\Pengembalian))
 8 SYSTEMPATH\CodeIgniter.php(368): CodeIgniter\CodeIgniter->handleRequest(null, Object(Config\Cache), false)
 9 FCPATH\index.php(67): CodeIgniter\CodeIgniter->run()
10 SYSTEMPATH\Commands\Server\rewrite.php(47): require_once('FCPATH\\index.php')
INFO - 2024-06-10 05:37:43 --> Session: Class initialized using 'CodeIgniter\Session\Handlers\FileHandler' driver.
INFO - 2024-06-10 05:37:43 --> Session: Class initialized using 'CodeIgniter\Session\Handlers\FileHandler' driver.
INFO - 2024-06-10 05:37:44 --> Session: Class initialized using 'CodeIgniter\Session\Handlers\FileHandler' driver.
INFO - 2024-06-10 05:37:46 --> Session: Class initialized using 'CodeIgniter\Session\Handlers\FileHandler' driver.
INFO - 2024-06-10 05:37:46 --> Session: Class initialized using 'CodeIgniter\Session\Handlers\FileHandler' driver.
INFO - 2024-06-10 05:37:48 --> Session: Class initialized using 'CodeIgniter\Session\Handlers\FileHandler' driver.
INFO - 2024-06-10 05:37:50 --> Session: Class initialized using 'CodeIgniter\Session\Handlers\FileHandler' driver.
INFO - 2024-06-10 05:37:53 --> Session: Class initialized using 'CodeIgniter\Session\Handlers\FileHandler' driver.
INFO - 2024-06-10 05:37:54 --> Session: Class initialized using 'CodeIgniter\Session\Handlers\FileHandler' driver.
INFO - 2024-06-10 05:37:59 --> Session: Class initialized using 'CodeIgniter\Session\Handlers\FileHandler' driver.
ERROR - 2024-06-10 05:37:59 --> mysqli_sql_exception: Unknown column 'kode_kembali' in 'where clause' in C:\xampp\htdocs\yky-pinjam\system\Database\MySQLi\Connection.php:295
Stack trace:
#0 C:\xampp\htdocs\yky-pinjam\system\Database\MySQLi\Connection.php(295): mysqli->query('SELECT *\nFROM `...', 0)
#1 C:\xampp\htdocs\yky-pinjam\system\Database\BaseConnection.php(691): CodeIgniter\Database\MySQLi\Connection->execute('SELECT *\nFROM `...')
#2 C:\xampp\htdocs\yky-pinjam\system\Database\BaseConnection.php(605): CodeIgniter\Database\BaseConnection->simpleQuery('SELECT *\nFROM `...')
#3 C:\xampp\htdocs\yky-pinjam\system\Database\BaseBuilder.php(1601): CodeIgniter\Database\BaseConnection->query('SELECT *\nFROM `...', Array, false)
#4 C:\xampp\htdocs\yky-pinjam\system\Model.php(240): CodeIgniter\Database\BaseBuilder->get()
#5 C:\xampp\htdocs\yky-pinjam\system\BaseModel.php(618): CodeIgniter\Model->doFindAll(0, 0)
#6 C:\xampp\htdocs\yky-pinjam\app\Models\PeminjamanbarangModel.php(256): CodeIgniter\BaseModel->findAll()
#7 C:\xampp\htdocs\yky-pinjam\app\Controllers\Pengembalian.php(103): App\Models\PeminjamanbarangModel->findPeminjamanBarangIdsByKodeKembali('P-YKY-LAB-00197')
#8 C:\xampp\htdocs\yky-pinjam\system\CodeIgniter.php(934): App\Controllers\Pengembalian->riwayat()
#9 C:\xampp\htdocs\yky-pinjam\system\CodeIgniter.php(499): CodeIgniter\CodeIgniter->runController(Object(App\Controllers\Pengembalian))
#10 C:\xampp\htdocs\yky-pinjam\system\CodeIgniter.php(368): CodeIgniter\CodeIgniter->handleRequest(NULL, Object(Config\Cache), false)
#11 C:\xampp\htdocs\yky-pinjam\public\index.php(67): CodeIgniter\CodeIgniter->run()
#12 C:\xampp\htdocs\yky-pinjam\system\Commands\Server\rewrite.php(47): require_once('C:\\xampp\\htdocs...')
#13 {main}
CRITICAL - 2024-06-10 05:37:59 --> Unknown column 'kode_kembali' in 'where clause'
in SYSTEMPATH\Database\BaseConnection.php on line 645.
 1 SYSTEMPATH\Database\BaseBuilder.php(1601): CodeIgniter\Database\BaseConnection->query('SELECT *
FROM `tbl_peminjaman_barang`
WHERE `kode_kembali` = :kode_kembali:', [...], false)
 2 SYSTEMPATH\Model.php(240): CodeIgniter\Database\BaseBuilder->get()
 3 SYSTEMPATH\BaseModel.php(618): CodeIgniter\Model->doFindAll(0, 0)
 4 APPPATH\Models\PeminjamanbarangModel.php(256): CodeIgniter\BaseModel->findAll()
 5 APPPATH\Controllers\Pengembalian.php(103): App\Models\PeminjamanbarangModel->findPeminjamanBarangIdsByKodeKembali('P-YKY-LAB-00197')
 6 SYSTEMPATH\CodeIgniter.php(934): App\Controllers\Pengembalian->riwayat()
 7 SYSTEMPATH\CodeIgniter.php(499): CodeIgniter\CodeIgniter->runController(Object(App\Controllers\Pengembalian))
 8 SYSTEMPATH\CodeIgniter.php(368): CodeIgniter\CodeIgniter->handleRequest(null, Object(Config\Cache), false)
 9 FCPATH\index.php(67): CodeIgniter\CodeIgniter->run()
10 SYSTEMPATH\Commands\Server\rewrite.php(47): require_once('FCPATH\\index.php')
INFO - 2024-06-10 05:38:51 --> Session: Class initialized using 'CodeIgniter\Session\Handlers\FileHandler' driver.
ERROR - 2024-06-10 05:38:51 --> mysqli_sql_exception: Unknown column 'kode_pinjam' in 'where clause' in C:\xampp\htdocs\yky-pinjam\system\Database\MySQLi\Connection.php:295
Stack trace:
#0 C:\xampp\htdocs\yky-pinjam\system\Database\MySQLi\Connection.php(295): mysqli->query('SELECT COUNT(*)...', 0)
#1 C:\xampp\htdocs\yky-pinjam\system\Database\BaseConnection.php(691): CodeIgniter\Database\MySQLi\Connection->execute('SELECT COUNT(*)...')
#2 C:\xampp\htdocs\yky-pinjam\system\Database\BaseConnection.php(605): CodeIgniter\Database\BaseConnection->simpleQuery('SELECT COUNT(*)...')
#3 C:\xampp\htdocs\yky-pinjam\system\Database\BaseBuilder.php(1685): CodeIgniter\Database\BaseConnection->query('SELECT COUNT(*)...', Array, false)
#4 C:\xampp\htdocs\yky-pinjam\system\Model.php(604): CodeIgniter\Database\BaseBuilder->countAllResults(true)
#5 C:\xampp\htdocs\yky-pinjam\app\Models\PeminjamanbarangModel.php(260): CodeIgniter\Model->countAllResults()
#6 C:\xampp\htdocs\yky-pinjam\app\Controllers\Pengembalian.php(103): App\Models\PeminjamanbarangModel->checkPeminjamanExists('P-YKY-LAB-00197')
#7 C:\xampp\htdocs\yky-pinjam\system\CodeIgniter.php(934): App\Controllers\Pengembalian->riwayat()
#8 C:\xampp\htdocs\yky-pinjam\system\CodeIgniter.php(499): CodeIgniter\CodeIgniter->runController(Object(App\Controllers\Pengembalian))
#9 C:\xampp\htdocs\yky-pinjam\system\CodeIgniter.php(368): CodeIgniter\CodeIgniter->handleRequest(NULL, Object(Config\Cache), false)
#10 C:\xampp\htdocs\yky-pinjam\public\index.php(67): CodeIgniter\CodeIgniter->run()
#11 C:\xampp\htdocs\yky-pinjam\system\Commands\Server\rewrite.php(47): require_once('C:\\xampp\\htdocs...')
#12 {main}
CRITICAL - 2024-06-10 05:38:51 --> Unknown column 'kode_pinjam' in 'where clause'
in SYSTEMPATH\Database\BaseConnection.php on line 645.
 1 SYSTEMPATH\Database\BaseBuilder.php(1685): CodeIgniter\Database\BaseConnection->query('SELECT COUNT(*) AS `numrows`
FROM `tbl_peminjaman_barang`
WHERE `kode_pinjam` = :kode_pinjam:', [...], false)
 2 SYSTEMPATH\Model.php(604): CodeIgniter\Database\BaseBuilder->countAllResults(true)
 3 APPPATH\Models\PeminjamanbarangModel.php(260): CodeIgniter\Model->countAllResults()
 4 APPPATH\Controllers\Pengembalian.php(103): App\Models\PeminjamanbarangModel->checkPeminjamanExists('P-YKY-LAB-00197')
 5 SYSTEMPATH\CodeIgniter.php(934): App\Controllers\Pengembalian->riwayat()
 6 SYSTEMPATH\CodeIgniter.php(499): CodeIgniter\CodeIgniter->runController(Object(App\Controllers\Pengembalian))
 7 SYSTEMPATH\CodeIgniter.php(368): CodeIgniter\CodeIgniter->handleRequest(null, Object(Config\Cache), false)
 8 FCPATH\index.php(67): CodeIgniter\CodeIgniter->run()
 9 SYSTEMPATH\Commands\Server\rewrite.php(47): require_once('FCPATH\\index.php')
INFO - 2024-06-10 05:39:42 --> Session: Class initialized using 'CodeIgniter\Session\Handlers\FileHandler' driver.
CRITICAL - 2024-06-10 05:39:43 --> Undefined array key "peminjaman_exists"
in APPPATH\Views\pengembalian\kembali_daftar.php on line 126.
 1 APPPATH\Views\pengembalian\kembali_daftar.php(126): CodeIgniter\Debug\Exceptions->errorHandler(2, 'Undefined array key "peminjaman_exists"', 'APPPATH\\Views\\pengembalian\\kembali_daftar.php', 126)
 2 SYSTEMPATH\View\View.php(213): include('APPPATH\\Views\\pengembalian\\kembali_daftar.php')
 3 SYSTEMPATH\View\View.php(216): CodeIgniter\View\View->CodeIgniter\View\{closure}()
 4 SYSTEMPATH\Common.php(1177): CodeIgniter\View\View->render('pengembalian/kembali_daftar', [], true)
 5 APPPATH\Controllers\Pengembalian.php(111): view('pengembalian/kembali_daftar', [...])
 6 SYSTEMPATH\CodeIgniter.php(934): App\Controllers\Pengembalian->riwayat()
 7 SYSTEMPATH\CodeIgniter.php(499): CodeIgniter\CodeIgniter->runController(Object(App\Controllers\Pengembalian))
 8 SYSTEMPATH\CodeIgniter.php(368): CodeIgniter\CodeIgniter->handleRequest(null, Object(Config\Cache), false)
 9 FCPATH\index.php(67): CodeIgniter\CodeIgniter->run()
10 SYSTEMPATH\Commands\Server\rewrite.php(47): require_once('FCPATH\\index.php')
INFO - 2024-06-10 05:40:00 --> Session: Class initialized using 'CodeIgniter\Session\Handlers\FileHandler' driver.
CRITICAL - 2024-06-10 05:40:00 --> Undefined array key "peminjaman_exists"
in APPPATH\Views\pengembalian\kembali_daftar.php on line 120.
 1 APPPATH\Views\pengembalian\kembali_daftar.php(120): CodeIgniter\Debug\Exceptions->errorHandler(2, 'Undefined array key "peminjaman_exists"', 'APPPATH\\Views\\pengembalian\\kembali_daftar.php', 120)
 2 SYSTEMPATH\View\View.php(213): include('APPPATH\\Views\\pengembalian\\kembali_daftar.php')
 3 SYSTEMPATH\View\View.php(216): CodeIgniter\View\View->CodeIgniter\View\{closure}()
 4 SYSTEMPATH\Common.php(1177): CodeIgniter\View\View->render('pengembalian/kembali_daftar', [], true)
 5 APPPATH\Controllers\Pengembalian.php(111): view('pengembalian/kembali_daftar', [...])
 6 SYSTEMPATH\CodeIgniter.php(934): App\Controllers\Pengembalian->riwayat()
 7 SYSTEMPATH\CodeIgniter.php(499): CodeIgniter\CodeIgniter->runController(Object(App\Controllers\Pengembalian))
 8 SYSTEMPATH\CodeIgniter.php(368): CodeIgniter\CodeIgniter->handleRequest(null, Object(Config\Cache), false)
 9 FCPATH\index.php(67): CodeIgniter\CodeIgniter->run()
10 SYSTEMPATH\Commands\Server\rewrite.php(47): require_once('FCPATH\\index.php')
INFO - 2024-06-10 05:40:05 --> Session: Class initialized using 'CodeIgniter\Session\Handlers\FileHandler' driver.
CRITICAL - 2024-06-10 05:40:05 --> Undefined array key "peminjaman_exists"
in APPPATH\Views\pengembalian\kembali_daftar.php on line 119.
 1 APPPATH\Views\pengembalian\kembali_daftar.php(119): CodeIgniter\Debug\Exceptions->errorHandler(2, 'Undefined array key "peminjaman_exists"', 'APPPATH\\Views\\pengembalian\\kembali_daftar.php', 119)
 2 SYSTEMPATH\View\View.php(213): include('APPPATH\\Views\\pengembalian\\kembali_daftar.php')
 3 SYSTEMPATH\View\View.php(216): CodeIgniter\View\View->CodeIgniter\View\{closure}()
 4 SYSTEMPATH\Common.php(1177): CodeIgniter\View\View->render('pengembalian/kembali_daftar', [], true)
 5 APPPATH\Controllers\Pengembalian.php(111): view('pengembalian/kembali_daftar', [...])
 6 SYSTEMPATH\CodeIgniter.php(934): App\Controllers\Pengembalian->riwayat()
 7 SYSTEMPATH\CodeIgniter.php(499): CodeIgniter\CodeIgniter->runController(Object(App\Controllers\Pengembalian))
 8 SYSTEMPATH\CodeIgniter.php(368): CodeIgniter\CodeIgniter->handleRequest(null, Object(Config\Cache), false)
 9 FCPATH\index.php(67): CodeIgniter\CodeIgniter->run()
10 SYSTEMPATH\Commands\Server\rewrite.php(47): require_once('FCPATH\\index.php')
INFO - 2024-06-10 05:40:12 --> Session: Class initialized using 'CodeIgniter\Session\Handlers\FileHandler' driver.
INFO - 2024-06-10 05:41:56 --> Session: Class initialized using 'CodeIgniter\Session\Handlers\FileHandler' driver.
INFO - 2024-06-10 05:45:36 --> Session: Class initialized using 'CodeIgniter\Session\Handlers\FileHandler' driver.
INFO - 2024-06-10 05:45:57 --> Session: Class initialized using 'CodeIgniter\Session\Handlers\FileHandler' driver.
INFO - 2024-06-10 05:46:05 --> Session: Class initialized using 'CodeIgniter\Session\Handlers\FileHandler' driver.
INFO - 2024-06-10 05:47:00 --> Session: Class initialized using 'CodeIgniter\Session\Handlers\FileHandler' driver.
INFO - 2024-06-10 05:49:11 --> Session: Class initialized using 'CodeIgniter\Session\Handlers\FileHandler' driver.
INFO - 2024-06-10 05:50:17 --> Session: Class initialized using 'CodeIgniter\Session\Handlers\FileHandler' driver.
INFO - 2024-06-10 05:50:28 --> Session: Class initialized using 'CodeIgniter\Session\Handlers\FileHandler' driver.
INFO - 2024-06-10 05:50:29 --> Session: Class initialized using 'CodeIgniter\Session\Handlers\FileHandler' driver.
INFO - 2024-06-10 05:50:32 --> Session: Class initialized using 'CodeIgniter\Session\Handlers\FileHandler' driver.
