INFO - 2024-01-22 09:18:52 --> Session: Class initialized using 'CodeIgniter\Session\Handlers\FileHandler' driver.
INFO - 2024-01-22 09:18:55 --> Session: Class initialized using 'CodeIgniter\Session\Handlers\FileHandler' driver.
INFO - 2024-01-22 09:19:06 --> Session: Class initialized using 'CodeIgniter\Session\Handlers\FileHandler' driver.
INFO - 2024-01-22 09:19:07 --> Session: Class initialized using 'CodeIgniter\Session\Handlers\FileHandler' driver.
INFO - 2024-01-22 09:19:10 --> Session: Class initialized using 'CodeIgniter\Session\Handlers\FileHandler' driver.
CRITICAL - 2024-01-22 09:19:10 --> Undefined array key "created_at"
in APPPATH\Controllers\Pengeluaran.php on line 55.
 1 APPPATH\Controllers\Pengeluaran.php(55): CodeIgniter\Debug\Exceptions->errorHandler(2, 'Undefined array key "created_at"', 'APPPATH\\Controllers\\Pengeluaran.php', 55)
 2 SYSTEMPATH\CodeIgniter.php(934): App\Controllers\Pengeluaran->daftarPengeluaran()
 3 SYSTEMPATH\CodeIgniter.php(499): CodeIgniter\CodeIgniter->runController(Object(App\Controllers\Pengeluaran))
 4 SYSTEMPATH\CodeIgniter.php(368): CodeIgniter\CodeIgniter->handleRequest(null, Object(Config\Cache), false)
 5 FCPATH\index.php(67): CodeIgniter\CodeIgniter->run()
 6 SYSTEMPATH\Commands\Server\rewrite.php(47): require_once('FCPATH\\index.php')
INFO - 2024-01-22 09:23:20 --> Session: Class initialized using 'CodeIgniter\Session\Handlers\FileHandler' driver.
CRITICAL - 2024-01-22 09:23:20 --> Undefined array key "created_at"
in APPPATH\Controllers\Pengeluaran.php on line 55.
 1 APPPATH\Controllers\Pengeluaran.php(55): CodeIgniter\Debug\Exceptions->errorHandler(2, 'Undefined array key "created_at"', 'APPPATH\\Controllers\\Pengeluaran.php', 55)
 2 SYSTEMPATH\CodeIgniter.php(934): App\Controllers\Pengeluaran->daftarPengeluaran()
 3 SYSTEMPATH\CodeIgniter.php(499): CodeIgniter\CodeIgniter->runController(Object(App\Controllers\Pengeluaran))
 4 SYSTEMPATH\CodeIgniter.php(368): CodeIgniter\CodeIgniter->handleRequest(null, Object(Config\Cache), false)
 5 FCPATH\index.php(67): CodeIgniter\CodeIgniter->run()
 6 SYSTEMPATH\Commands\Server\rewrite.php(47): require_once('FCPATH\\index.php')
INFO - 2024-01-22 09:31:51 --> Session: Class initialized using 'CodeIgniter\Session\Handlers\FileHandler' driver.
INFO - 2024-01-22 09:32:09 --> Session: Class initialized using 'CodeIgniter\Session\Handlers\FileHandler' driver.
INFO - 2024-01-22 09:32:09 --> Session: Class initialized using 'CodeIgniter\Session\Handlers\FileHandler' driver.
INFO - 2024-01-22 09:32:10 --> Session: Class initialized using 'CodeIgniter\Session\Handlers\FileHandler' driver.
INFO - 2024-01-22 09:32:15 --> Session: Class initialized using 'CodeIgniter\Session\Handlers\FileHandler' driver.
INFO - 2024-01-22 09:32:16 --> Session: Class initialized using 'CodeIgniter\Session\Handlers\FileHandler' driver.
INFO - 2024-01-22 09:32:21 --> Session: Class initialized using 'CodeIgniter\Session\Handlers\FileHandler' driver.
INFO - 2024-01-22 09:34:02 --> Session: Class initialized using 'CodeIgniter\Session\Handlers\FileHandler' driver.
INFO - 2024-01-22 09:35:29 --> Session: Class initialized using 'CodeIgniter\Session\Handlers\FileHandler' driver.
INFO - 2024-01-22 09:36:30 --> Session: Class initialized using 'CodeIgniter\Session\Handlers\FileHandler' driver.
INFO - 2024-01-22 09:37:22 --> Session: Class initialized using 'CodeIgniter\Session\Handlers\FileHandler' driver.
INFO - 2024-01-22 09:38:22 --> Session: Class initialized using 'CodeIgniter\Session\Handlers\FileHandler' driver.
INFO - 2024-01-22 09:43:51 --> Session: Class initialized using 'CodeIgniter\Session\Handlers\FileHandler' driver.
INFO - 2024-01-22 09:47:20 --> Session: Class initialized using 'CodeIgniter\Session\Handlers\FileHandler' driver.
INFO - 2024-01-22 09:50:06 --> Session: Class initialized using 'CodeIgniter\Session\Handlers\FileHandler' driver.
INFO - 2024-01-22 09:50:12 --> Session: Class initialized using 'CodeIgniter\Session\Handlers\FileHandler' driver.
INFO - 2024-01-22 09:50:13 --> Session: Class initialized using 'CodeIgniter\Session\Handlers\FileHandler' driver.
INFO - 2024-01-22 09:50:13 --> Session: Class initialized using 'CodeIgniter\Session\Handlers\FileHandler' driver.
INFO - 2024-01-22 09:50:18 --> Session: Class initialized using 'CodeIgniter\Session\Handlers\FileHandler' driver.
INFO - 2024-01-22 09:50:18 --> Session: Class initialized using 'CodeIgniter\Session\Handlers\FileHandler' driver.
INFO - 2024-01-22 09:50:20 --> Session: Class initialized using 'CodeIgniter\Session\Handlers\FileHandler' driver.
INFO - 2024-01-22 09:50:57 --> Session: Class initialized using 'CodeIgniter\Session\Handlers\FileHandler' driver.
INFO - 2024-01-22 09:51:07 --> Session: Class initialized using 'CodeIgniter\Session\Handlers\FileHandler' driver.
INFO - 2024-01-22 09:51:07 --> Session: Class initialized using 'CodeIgniter\Session\Handlers\FileHandler' driver.
INFO - 2024-01-22 09:51:08 --> Session: Class initialized using 'CodeIgniter\Session\Handlers\FileHandler' driver.
INFO - 2024-01-22 09:51:14 --> Session: Class initialized using 'CodeIgniter\Session\Handlers\FileHandler' driver.
INFO - 2024-01-22 09:51:14 --> Session: Class initialized using 'CodeIgniter\Session\Handlers\FileHandler' driver.
INFO - 2024-01-22 09:51:18 --> Session: Class initialized using 'CodeIgniter\Session\Handlers\FileHandler' driver.
INFO - 2024-01-22 09:51:21 --> Session: Class initialized using 'CodeIgniter\Session\Handlers\FileHandler' driver.
INFO - 2024-01-22 09:51:23 --> Session: Class initialized using 'CodeIgniter\Session\Handlers\FileHandler' driver.
INFO - 2024-01-22 10:09:58 --> Session: Class initialized using 'CodeIgniter\Session\Handlers\FileHandler' driver.
INFO - 2024-01-22 10:09:59 --> Session: Class initialized using 'CodeIgniter\Session\Handlers\FileHandler' driver.
INFO - 2024-01-22 10:10:01 --> Session: Class initialized using 'CodeIgniter\Session\Handlers\FileHandler' driver.
INFO - 2024-01-22 10:10:01 --> Session: Class initialized using 'CodeIgniter\Session\Handlers\FileHandler' driver.
INFO - 2024-01-22 10:10:14 --> Session: Class initialized using 'CodeIgniter\Session\Handlers\FileHandler' driver.
INFO - 2024-01-22 10:10:15 --> Session: Class initialized using 'CodeIgniter\Session\Handlers\FileHandler' driver.
INFO - 2024-01-22 10:10:15 --> Session: Class initialized using 'CodeIgniter\Session\Handlers\FileHandler' driver.
INFO - 2024-01-22 10:10:19 --> Session: Class initialized using 'CodeIgniter\Session\Handlers\FileHandler' driver.
INFO - 2024-01-22 10:10:19 --> Session: Class initialized using 'CodeIgniter\Session\Handlers\FileHandler' driver.
INFO - 2024-01-22 10:10:25 --> Session: Class initialized using 'CodeIgniter\Session\Handlers\FileHandler' driver.
INFO - 2024-01-22 10:24:13 --> Session: Class initialized using 'CodeIgniter\Session\Handlers\FileHandler' driver.
ERROR - 2024-01-22 10:24:13 --> mysqli_sql_exception: Column 'created_at' in field list is ambiguous in C:\xampp\htdocs\yky-pinjam\system\Database\MySQLi\Connection.php:295
Stack trace:
#0 C:\xampp\htdocs\yky-pinjam\system\Database\MySQLi\Connection.php(295): mysqli->query('SELECT `tbl_pem...', 0)
#1 C:\xampp\htdocs\yky-pinjam\system\Database\BaseConnection.php(691): CodeIgniter\Database\MySQLi\Connection->execute('SELECT `tbl_pem...')
#2 C:\xampp\htdocs\yky-pinjam\system\Database\BaseConnection.php(605): CodeIgniter\Database\BaseConnection->simpleQuery('SELECT `tbl_pem...')
#3 C:\xampp\htdocs\yky-pinjam\system\Database\BaseBuilder.php(1601): CodeIgniter\Database\BaseConnection->query('SELECT `tbl_pem...', Array, false)
#4 C:\xampp\htdocs\yky-pinjam\system\Model.php(240): CodeIgniter\Database\BaseBuilder->get()
#5 C:\xampp\htdocs\yky-pinjam\system\BaseModel.php(618): CodeIgniter\Model->doFindAll(0, 0)
#6 C:\xampp\htdocs\yky-pinjam\app\Models\PeminjamanbarangModel.php(32): CodeIgniter\BaseModel->findAll()
#7 C:\xampp\htdocs\yky-pinjam\app\Controllers\Home.php(55): App\Models\PeminjamanbarangModel->getPeminjamanBarang()
#8 C:\xampp\htdocs\yky-pinjam\system\CodeIgniter.php(934): App\Controllers\Home->index()
#9 C:\xampp\htdocs\yky-pinjam\system\CodeIgniter.php(499): CodeIgniter\CodeIgniter->runController(Object(App\Controllers\Home))
#10 C:\xampp\htdocs\yky-pinjam\system\CodeIgniter.php(368): CodeIgniter\CodeIgniter->handleRequest(NULL, Object(Config\Cache), false)
#11 C:\xampp\htdocs\yky-pinjam\public\index.php(67): CodeIgniter\CodeIgniter->run()
#12 C:\xampp\htdocs\yky-pinjam\system\Commands\Server\rewrite.php(47): require_once('C:\\xampp\\htdocs...')
#13 {main}
CRITICAL - 2024-01-22 10:24:13 --> Column 'created_at' in field list is ambiguous
in SYSTEMPATH\Database\BaseConnection.php on line 645.
 1 SYSTEMPATH\Database\BaseBuilder.php(1601): CodeIgniter\Database\BaseConnection->query('SELECT `tbl_peminjaman`.`id` as `peminjaman_id`, `kode_pinjam`, `nama_peminjam`, `nama_ruangan`, `tanggal_pinjam`, `keperluan`, `created_at`, GROUP_CONCAT(tbl_barang.id) as barang_ids, GROUP_CONCAT(CONCAT(tbl_barang.nama_barang, " - ", tbl_barang.kode_barang)) as barang_dipinjam, `tbl_peminjaman_barang`.`barang_id`, `tbl_peminjaman`.`created_at`
FROM `tbl_peminjaman_barang`
JOIN `tbl_barang` ON `tbl_barang`.`id` = `tbl_peminjaman_barang`.`barang_id`
JOIN `tbl_peminjaman` ON `tbl_peminjaman`.`id` = `tbl_peminjaman_barang`.`peminjaman_id`
GROUP BY `peminjaman_id`', [], false)
 2 SYSTEMPATH\Model.php(240): CodeIgniter\Database\BaseBuilder->get()
 3 SYSTEMPATH\BaseModel.php(618): CodeIgniter\Model->doFindAll(0, 0)
 4 APPPATH\Models\PeminjamanbarangModel.php(32): CodeIgniter\BaseModel->findAll()
 5 APPPATH\Controllers\Home.php(55): App\Models\PeminjamanbarangModel->getPeminjamanBarang()
 6 SYSTEMPATH\CodeIgniter.php(934): App\Controllers\Home->index()
 7 SYSTEMPATH\CodeIgniter.php(499): CodeIgniter\CodeIgniter->runController(Object(App\Controllers\Home))
 8 SYSTEMPATH\CodeIgniter.php(368): CodeIgniter\CodeIgniter->handleRequest(null, Object(Config\Cache), false)
 9 FCPATH\index.php(67): CodeIgniter\CodeIgniter->run()
10 SYSTEMPATH\Commands\Server\rewrite.php(47): require_once('FCPATH\\index.php')
INFO - 2024-01-22 10:24:31 --> Session: Class initialized using 'CodeIgniter\Session\Handlers\FileHandler' driver.
INFO - 2024-01-22 10:57:14 --> Session: Class initialized using 'CodeIgniter\Session\Handlers\FileHandler' driver.
INFO - 2024-01-22 10:58:23 --> Session: Class initialized using 'CodeIgniter\Session\Handlers\FileHandler' driver.
INFO - 2024-01-22 11:00:52 --> Session: Class initialized using 'CodeIgniter\Session\Handlers\FileHandler' driver.
INFO - 2024-01-22 11:04:24 --> Session: Class initialized using 'CodeIgniter\Session\Handlers\FileHandler' driver.
INFO - 2024-01-22 11:06:41 --> Session: Class initialized using 'CodeIgniter\Session\Handlers\FileHandler' driver.
INFO - 2024-01-22 11:10:11 --> Session: Class initialized using 'CodeIgniter\Session\Handlers\FileHandler' driver.
CRITICAL - 2024-01-22 11:10:12 --> Undefined variable $peminjaman
in APPPATH\Views\peminjaman\pinjam_daftar.php on line 196.
 1 APPPATH\Views\peminjaman\pinjam_daftar.php(196): CodeIgniter\Debug\Exceptions->errorHandler(2, 'Undefined variable $peminjaman', 'APPPATH\\Views\\peminjaman\\pinjam_daftar.php', 196)
 2 SYSTEMPATH\View\View.php(213): include('APPPATH\\Views\\peminjaman\\pinjam_daftar.php')
 3 SYSTEMPATH\View\View.php(216): CodeIgniter\View\View->CodeIgniter\View\{closure}()
 4 SYSTEMPATH\Common.php(1177): CodeIgniter\View\View->render('peminjaman/pinjam_daftar', [], true)
 5 APPPATH\Controllers\Peminjaman.php(83): view('peminjaman/pinjam_daftar', [...])
 6 SYSTEMPATH\CodeIgniter.php(934): App\Controllers\Peminjaman->index()
 7 SYSTEMPATH\CodeIgniter.php(499): CodeIgniter\CodeIgniter->runController(Object(App\Controllers\Peminjaman))
 8 SYSTEMPATH\CodeIgniter.php(368): CodeIgniter\CodeIgniter->handleRequest(null, Object(Config\Cache), false)
 9 FCPATH\index.php(67): CodeIgniter\CodeIgniter->run()
10 SYSTEMPATH\Commands\Server\rewrite.php(47): require_once('FCPATH\\index.php')
INFO - 2024-01-22 11:11:34 --> Session: Class initialized using 'CodeIgniter\Session\Handlers\FileHandler' driver.
INFO - 2024-01-22 11:11:45 --> Session: Class initialized using 'CodeIgniter\Session\Handlers\FileHandler' driver.
INFO - 2024-01-22 11:24:28 --> Session: Class initialized using 'CodeIgniter\Session\Handlers\FileHandler' driver.
INFO - 2024-01-22 11:24:44 --> Session: Class initialized using 'CodeIgniter\Session\Handlers\FileHandler' driver.
INFO - 2024-01-22 11:24:51 --> Session: Class initialized using 'CodeIgniter\Session\Handlers\FileHandler' driver.
INFO - 2024-01-22 11:28:15 --> Session: Class initialized using 'CodeIgniter\Session\Handlers\FileHandler' driver.
INFO - 2024-01-22 11:28:20 --> Session: Class initialized using 'CodeIgniter\Session\Handlers\FileHandler' driver.
INFO - 2024-01-22 11:28:20 --> Session: Class initialized using 'CodeIgniter\Session\Handlers\FileHandler' driver.
INFO - 2024-01-22 11:28:21 --> Session: Class initialized using 'CodeIgniter\Session\Handlers\FileHandler' driver.
INFO - 2024-01-22 11:29:19 --> Session: Class initialized using 'CodeIgniter\Session\Handlers\FileHandler' driver.
INFO - 2024-01-22 11:30:43 --> Session: Class initialized using 'CodeIgniter\Session\Handlers\FileHandler' driver.
INFO - 2024-01-22 11:30:50 --> Session: Class initialized using 'CodeIgniter\Session\Handlers\FileHandler' driver.
INFO - 2024-01-22 11:30:50 --> Session: Class initialized using 'CodeIgniter\Session\Handlers\FileHandler' driver.
INFO - 2024-01-22 11:30:51 --> Session: Class initialized using 'CodeIgniter\Session\Handlers\FileHandler' driver.
INFO - 2024-01-22 11:34:21 --> Session: Class initialized using 'CodeIgniter\Session\Handlers\FileHandler' driver.
INFO - 2024-01-22 11:34:25 --> Session: Class initialized using 'CodeIgniter\Session\Handlers\FileHandler' driver.
INFO - 2024-01-22 11:34:25 --> Session: Class initialized using 'CodeIgniter\Session\Handlers\FileHandler' driver.
INFO - 2024-01-22 11:34:26 --> Session: Class initialized using 'CodeIgniter\Session\Handlers\FileHandler' driver.
INFO - 2024-01-22 11:34:31 --> Session: Class initialized using 'CodeIgniter\Session\Handlers\FileHandler' driver.
INFO - 2024-01-22 11:34:31 --> Session: Class initialized using 'CodeIgniter\Session\Handlers\FileHandler' driver.
INFO - 2024-01-22 11:34:33 --> Session: Class initialized using 'CodeIgniter\Session\Handlers\FileHandler' driver.
INFO - 2024-01-22 11:37:10 --> Session: Class initialized using 'CodeIgniter\Session\Handlers\FileHandler' driver.
INFO - 2024-01-22 11:37:13 --> Session: Class initialized using 'CodeIgniter\Session\Handlers\FileHandler' driver.
INFO - 2024-01-22 11:37:13 --> Session: Class initialized using 'CodeIgniter\Session\Handlers\FileHandler' driver.
CRITICAL - 2024-01-22 11:37:13 --> Array to string conversion
in APPPATH\Views\pengembalian\kembali_daftar.php on line 4.
 1 APPPATH\Views\pengembalian\kembali_daftar.php(4): CodeIgniter\Debug\Exceptions->errorHandler(2, 'Array to string conversion', 'APPPATH\\Views\\pengembalian\\kembali_daftar.php', 4)
 2 SYSTEMPATH\View\View.php(213): include('APPPATH\\Views\\pengembalian\\kembali_daftar.php')
 3 SYSTEMPATH\View\View.php(216): CodeIgniter\View\View->CodeIgniter\View\{closure}()
 4 SYSTEMPATH\Common.php(1177): CodeIgniter\View\View->render('pengembalian/kembali_daftar', [], true)
 5 APPPATH\Controllers\Pengembalian.php(83): view('pengembalian/kembali_daftar', [...])
 6 SYSTEMPATH\CodeIgniter.php(934): App\Controllers\Pengembalian->riwayat()
 7 SYSTEMPATH\CodeIgniter.php(499): CodeIgniter\CodeIgniter->runController(Object(App\Controllers\Pengembalian))
 8 SYSTEMPATH\CodeIgniter.php(368): CodeIgniter\CodeIgniter->handleRequest(null, Object(Config\Cache), false)
 9 FCPATH\index.php(67): CodeIgniter\CodeIgniter->run()
10 SYSTEMPATH\Commands\Server\rewrite.php(47): require_once('FCPATH\\index.php')
INFO - 2024-01-22 11:37:16 --> Session: Class initialized using 'CodeIgniter\Session\Handlers\FileHandler' driver.
INFO - 2024-01-22 11:37:16 --> Session: Class initialized using 'CodeIgniter\Session\Handlers\FileHandler' driver.
CRITICAL - 2024-01-22 11:37:16 --> Array to string conversion
in APPPATH\Views\pengembalian\kembali_daftar.php on line 4.
 1 APPPATH\Views\pengembalian\kembali_daftar.php(4): CodeIgniter\Debug\Exceptions->errorHandler(2, 'Array to string conversion', 'APPPATH\\Views\\pengembalian\\kembali_daftar.php', 4)
 2 SYSTEMPATH\View\View.php(213): include('APPPATH\\Views\\pengembalian\\kembali_daftar.php')
 3 SYSTEMPATH\View\View.php(216): CodeIgniter\View\View->CodeIgniter\View\{closure}()
 4 SYSTEMPATH\Common.php(1177): CodeIgniter\View\View->render('pengembalian/kembali_daftar', [], true)
 5 APPPATH\Controllers\Pengembalian.php(83): view('pengembalian/kembali_daftar', [...])
 6 SYSTEMPATH\CodeIgniter.php(934): App\Controllers\Pengembalian->riwayat()
 7 SYSTEMPATH\CodeIgniter.php(499): CodeIgniter\CodeIgniter->runController(Object(App\Controllers\Pengembalian))
 8 SYSTEMPATH\CodeIgniter.php(368): CodeIgniter\CodeIgniter->handleRequest(null, Object(Config\Cache), false)
 9 FCPATH\index.php(67): CodeIgniter\CodeIgniter->run()
10 SYSTEMPATH\Commands\Server\rewrite.php(47): require_once('FCPATH\\index.php')
INFO - 2024-01-22 11:37:18 --> Session: Class initialized using 'CodeIgniter\Session\Handlers\FileHandler' driver.
INFO - 2024-01-22 11:37:44 --> Session: Class initialized using 'CodeIgniter\Session\Handlers\FileHandler' driver.
INFO - 2024-01-22 11:37:44 --> Session: Class initialized using 'CodeIgniter\Session\Handlers\FileHandler' driver.
CRITICAL - 2024-01-22 11:37:44 --> Array to string conversion
in APPPATH\Views\pengembalian\kembali_daftar.php on line 4.
 1 APPPATH\Views\pengembalian\kembali_daftar.php(4): CodeIgniter\Debug\Exceptions->errorHandler(2, 'Array to string conversion', 'APPPATH\\Views\\pengembalian\\kembali_daftar.php', 4)
 2 SYSTEMPATH\View\View.php(213): include('APPPATH\\Views\\pengembalian\\kembali_daftar.php')
 3 SYSTEMPATH\View\View.php(216): CodeIgniter\View\View->CodeIgniter\View\{closure}()
 4 SYSTEMPATH\Common.php(1177): CodeIgniter\View\View->render('pengembalian/kembali_daftar', [], true)
 5 APPPATH\Controllers\Pengembalian.php(83): view('pengembalian/kembali_daftar', [...])
 6 SYSTEMPATH\CodeIgniter.php(934): App\Controllers\Pengembalian->riwayat()
 7 SYSTEMPATH\CodeIgniter.php(499): CodeIgniter\CodeIgniter->runController(Object(App\Controllers\Pengembalian))
 8 SYSTEMPATH\CodeIgniter.php(368): CodeIgniter\CodeIgniter->handleRequest(null, Object(Config\Cache), false)
 9 FCPATH\index.php(67): CodeIgniter\CodeIgniter->run()
10 SYSTEMPATH\Commands\Server\rewrite.php(47): require_once('FCPATH\\index.php')
INFO - 2024-01-22 11:40:16 --> Session: Class initialized using 'CodeIgniter\Session\Handlers\FileHandler' driver.
INFO - 2024-01-22 11:40:41 --> Session: Class initialized using 'CodeIgniter\Session\Handlers\FileHandler' driver.
INFO - 2024-01-22 11:48:18 --> Session: Class initialized using 'CodeIgniter\Session\Handlers\FileHandler' driver.
INFO - 2024-01-22 11:51:49 --> Session: Class initialized using 'CodeIgniter\Session\Handlers\FileHandler' driver.
INFO - 2024-01-22 11:51:51 --> Session: Class initialized using 'CodeIgniter\Session\Handlers\FileHandler' driver.
INFO - 2024-01-22 11:53:27 --> Session: Class initialized using 'CodeIgniter\Session\Handlers\FileHandler' driver.
INFO - 2024-01-22 12:00:50 --> Session: Class initialized using 'CodeIgniter\Session\Handlers\FileHandler' driver.
INFO - 2024-01-22 12:03:06 --> Session: Class initialized using 'CodeIgniter\Session\Handlers\FileHandler' driver.
INFO - 2024-01-22 12:09:18 --> Session: Class initialized using 'CodeIgniter\Session\Handlers\FileHandler' driver.
INFO - 2024-01-22 12:09:20 --> Session: Class initialized using 'CodeIgniter\Session\Handlers\FileHandler' driver.
INFO - 2024-01-22 12:25:16 --> Session: Class initialized using 'CodeIgniter\Session\Handlers\FileHandler' driver.
INFO - 2024-01-22 14:05:34 --> Session: Class initialized using 'CodeIgniter\Session\Handlers\FileHandler' driver.
INFO - 2024-01-22 14:05:34 --> Session: Class initialized using 'CodeIgniter\Session\Handlers\FileHandler' driver.
INFO - 2024-01-22 14:05:43 --> Session: Class initialized using 'CodeIgniter\Session\Handlers\FileHandler' driver.
INFO - 2024-01-22 14:05:43 --> Session: Class initialized using 'CodeIgniter\Session\Handlers\FileHandler' driver.
INFO - 2024-01-22 14:05:54 --> Session: Class initialized using 'CodeIgniter\Session\Handlers\FileHandler' driver.
INFO - 2024-01-22 14:05:58 --> Session: Class initialized using 'CodeIgniter\Session\Handlers\FileHandler' driver.
INFO - 2024-01-22 14:08:24 --> Session: Class initialized using 'CodeIgniter\Session\Handlers\FileHandler' driver.
INFO - 2024-01-22 14:08:27 --> Session: Class initialized using 'CodeIgniter\Session\Handlers\FileHandler' driver.
INFO - 2024-01-22 14:08:38 --> Session: Class initialized using 'CodeIgniter\Session\Handlers\FileHandler' driver.
INFO - 2024-01-22 14:08:41 --> Session: Class initialized using 'CodeIgniter\Session\Handlers\FileHandler' driver.
INFO - 2024-01-22 14:09:20 --> Session: Class initialized using 'CodeIgniter\Session\Handlers\FileHandler' driver.
INFO - 2024-01-22 14:09:22 --> Session: Class initialized using 'CodeIgniter\Session\Handlers\FileHandler' driver.
INFO - 2024-01-22 14:09:25 --> Session: Class initialized using 'CodeIgniter\Session\Handlers\FileHandler' driver.
INFO - 2024-01-22 14:09:27 --> Session: Class initialized using 'CodeIgniter\Session\Handlers\FileHandler' driver.
INFO - 2024-01-22 14:10:47 --> Session: Class initialized using 'CodeIgniter\Session\Handlers\FileHandler' driver.
INFO - 2024-01-22 14:10:50 --> Session: Class initialized using 'CodeIgniter\Session\Handlers\FileHandler' driver.
INFO - 2024-01-22 14:10:55 --> Session: Class initialized using 'CodeIgniter\Session\Handlers\FileHandler' driver.
INFO - 2024-01-22 14:11:00 --> Session: Class initialized using 'CodeIgniter\Session\Handlers\FileHandler' driver.
INFO - 2024-01-22 14:11:10 --> Session: Class initialized using 'CodeIgniter\Session\Handlers\FileHandler' driver.
INFO - 2024-01-22 14:11:12 --> Session: Class initialized using 'CodeIgniter\Session\Handlers\FileHandler' driver.
INFO - 2024-01-22 14:11:28 --> Session: Class initialized using 'CodeIgniter\Session\Handlers\FileHandler' driver.
INFO - 2024-01-22 14:11:32 --> Session: Class initialized using 'CodeIgniter\Session\Handlers\FileHandler' driver.
INFO - 2024-01-22 14:11:34 --> Session: Class initialized using 'CodeIgniter\Session\Handlers\FileHandler' driver.
INFO - 2024-01-22 14:11:34 --> Session: Class initialized using 'CodeIgniter\Session\Handlers\FileHandler' driver.
INFO - 2024-01-22 14:11:53 --> Session: Class initialized using 'CodeIgniter\Session\Handlers\FileHandler' driver.
INFO - 2024-01-22 14:11:56 --> Session: Class initialized using 'CodeIgniter\Session\Handlers\FileHandler' driver.
INFO - 2024-01-22 14:11:59 --> Session: Class initialized using 'CodeIgniter\Session\Handlers\FileHandler' driver.
INFO - 2024-01-22 14:11:59 --> Session: Class initialized using 'CodeIgniter\Session\Handlers\FileHandler' driver.
INFO - 2024-01-22 14:12:12 --> Session: Class initialized using 'CodeIgniter\Session\Handlers\FileHandler' driver.
INFO - 2024-01-22 14:12:14 --> Session: Class initialized using 'CodeIgniter\Session\Handlers\FileHandler' driver.
INFO - 2024-01-22 14:12:17 --> Session: Class initialized using 'CodeIgniter\Session\Handlers\FileHandler' driver.
INFO - 2024-01-22 14:12:17 --> Session: Class initialized using 'CodeIgniter\Session\Handlers\FileHandler' driver.
INFO - 2024-01-22 15:02:15 --> Session: Class initialized using 'CodeIgniter\Session\Handlers\FileHandler' driver.
INFO - 2024-01-22 15:02:17 --> Session: Class initialized using 'CodeIgniter\Session\Handlers\FileHandler' driver.
INFO - 2024-01-22 15:03:43 --> Session: Class initialized using 'CodeIgniter\Session\Handlers\FileHandler' driver.
INFO - 2024-01-22 15:03:45 --> Session: Class initialized using 'CodeIgniter\Session\Handlers\FileHandler' driver.
INFO - 2024-01-22 15:06:44 --> Session: Class initialized using 'CodeIgniter\Session\Handlers\FileHandler' driver.
INFO - 2024-01-22 15:07:10 --> Session: Class initialized using 'CodeIgniter\Session\Handlers\FileHandler' driver.
INFO - 2024-01-22 15:08:04 --> Session: Class initialized using 'CodeIgniter\Session\Handlers\FileHandler' driver.
INFO - 2024-01-22 15:09:09 --> Session: Class initialized using 'CodeIgniter\Session\Handlers\FileHandler' driver.
INFO - 2024-01-22 15:09:43 --> Session: Class initialized using 'CodeIgniter\Session\Handlers\FileHandler' driver.
INFO - 2024-01-22 15:11:07 --> Session: Class initialized using 'CodeIgniter\Session\Handlers\FileHandler' driver.
INFO - 2024-01-22 15:11:41 --> Session: Class initialized using 'CodeIgniter\Session\Handlers\FileHandler' driver.
INFO - 2024-01-22 15:12:06 --> Session: Class initialized using 'CodeIgniter\Session\Handlers\FileHandler' driver.
INFO - 2024-01-22 15:12:20 --> Session: Class initialized using 'CodeIgniter\Session\Handlers\FileHandler' driver.
INFO - 2024-01-22 15:12:23 --> Session: Class initialized using 'CodeIgniter\Session\Handlers\FileHandler' driver.
INFO - 2024-01-22 15:12:28 --> Session: Class initialized using 'CodeIgniter\Session\Handlers\FileHandler' driver.
INFO - 2024-01-22 15:12:28 --> Session: Class initialized using 'CodeIgniter\Session\Handlers\FileHandler' driver.
INFO - 2024-01-22 15:12:32 --> Session: Class initialized using 'CodeIgniter\Session\Handlers\FileHandler' driver.
INFO - 2024-01-22 15:13:01 --> Session: Class initialized using 'CodeIgniter\Session\Handlers\FileHandler' driver.
INFO - 2024-01-22 15:13:16 --> Session: Class initialized using 'CodeIgniter\Session\Handlers\FileHandler' driver.
INFO - 2024-01-22 15:13:16 --> Session: Class initialized using 'CodeIgniter\Session\Handlers\FileHandler' driver.
INFO - 2024-01-22 15:13:24 --> Session: Class initialized using 'CodeIgniter\Session\Handlers\FileHandler' driver.
INFO - 2024-01-22 15:13:44 --> Session: Class initialized using 'CodeIgniter\Session\Handlers\FileHandler' driver.
INFO - 2024-01-22 15:13:52 --> Session: Class initialized using 'CodeIgniter\Session\Handlers\FileHandler' driver.
INFO - 2024-01-22 15:13:52 --> Session: Class initialized using 'CodeIgniter\Session\Handlers\FileHandler' driver.
INFO - 2024-01-22 15:13:58 --> Session: Class initialized using 'CodeIgniter\Session\Handlers\FileHandler' driver.
INFO - 2024-01-22 15:13:59 --> Session: Class initialized using 'CodeIgniter\Session\Handlers\FileHandler' driver.
INFO - 2024-01-22 15:14:01 --> Session: Class initialized using 'CodeIgniter\Session\Handlers\FileHandler' driver.
INFO - 2024-01-22 15:14:28 --> Session: Class initialized using 'CodeIgniter\Session\Handlers\FileHandler' driver.
INFO - 2024-01-22 15:14:35 --> Session: Class initialized using 'CodeIgniter\Session\Handlers\FileHandler' driver.
INFO - 2024-01-22 15:14:35 --> Session: Class initialized using 'CodeIgniter\Session\Handlers\FileHandler' driver.
INFO - 2024-01-22 15:14:42 --> Session: Class initialized using 'CodeIgniter\Session\Handlers\FileHandler' driver.
INFO - 2024-01-22 15:14:42 --> Session: Class initialized using 'CodeIgniter\Session\Handlers\FileHandler' driver.
INFO - 2024-01-22 16:26:52 --> Session: Class initialized using 'CodeIgniter\Session\Handlers\FileHandler' driver.
INFO - 2024-01-22 16:26:59 --> Session: Class initialized using 'CodeIgniter\Session\Handlers\FileHandler' driver.
INFO - 2024-01-22 16:27:47 --> Session: Class initialized using 'CodeIgniter\Session\Handlers\FileHandler' driver.
INFO - 2024-01-22 16:31:55 --> Session: Class initialized using 'CodeIgniter\Session\Handlers\FileHandler' driver.
INFO - 2024-01-22 16:32:00 --> Session: Class initialized using 'CodeIgniter\Session\Handlers\FileHandler' driver.
INFO - 2024-01-22 16:32:00 --> Session: Class initialized using 'CodeIgniter\Session\Handlers\FileHandler' driver.
CRITICAL - 2024-01-22 16:32:00 --> Undefined variable $dataPinjam
in APPPATH\Views\peminjaman\pinjam_daftar.php on line 196.
 1 APPPATH\Views\peminjaman\pinjam_daftar.php(196): CodeIgniter\Debug\Exceptions->errorHandler(2, 'Undefined variable $dataPinjam', 'APPPATH\\Views\\peminjaman\\pinjam_daftar.php', 196)
 2 SYSTEMPATH\View\View.php(213): include('APPPATH\\Views\\peminjaman\\pinjam_daftar.php')
 3 SYSTEMPATH\View\View.php(216): CodeIgniter\View\View->CodeIgniter\View\{closure}()
 4 SYSTEMPATH\Common.php(1177): CodeIgniter\View\View->render('peminjaman/pinjam_daftar', [], true)
 5 APPPATH\Controllers\Peminjaman.php(70): view('peminjaman/pinjam_daftar', [...])
 6 SYSTEMPATH\CodeIgniter.php(934): App\Controllers\Peminjaman->index()
 7 SYSTEMPATH\CodeIgniter.php(499): CodeIgniter\CodeIgniter->runController(Object(App\Controllers\Peminjaman))
 8 SYSTEMPATH\CodeIgniter.php(368): CodeIgniter\CodeIgniter->handleRequest(null, Object(Config\Cache), false)
 9 FCPATH\index.php(67): CodeIgniter\CodeIgniter->run()
10 SYSTEMPATH\Commands\Server\rewrite.php(47): require_once('FCPATH\\index.php')
INFO - 2024-01-22 16:32:05 --> Session: Class initialized using 'CodeIgniter\Session\Handlers\FileHandler' driver.
CRITICAL - 2024-01-22 16:32:05 --> Undefined variable $dataPinjam
in APPPATH\Views\peminjaman\pinjam_daftar.php on line 196.
 1 APPPATH\Views\peminjaman\pinjam_daftar.php(196): CodeIgniter\Debug\Exceptions->errorHandler(2, 'Undefined variable $dataPinjam', 'APPPATH\\Views\\peminjaman\\pinjam_daftar.php', 196)
 2 SYSTEMPATH\View\View.php(213): include('APPPATH\\Views\\peminjaman\\pinjam_daftar.php')
 3 SYSTEMPATH\View\View.php(216): CodeIgniter\View\View->CodeIgniter\View\{closure}()
 4 SYSTEMPATH\Common.php(1177): CodeIgniter\View\View->render('peminjaman/pinjam_daftar', [], true)
 5 APPPATH\Controllers\Peminjaman.php(70): view('peminjaman/pinjam_daftar', [...])
 6 SYSTEMPATH\CodeIgniter.php(934): App\Controllers\Peminjaman->index()
 7 SYSTEMPATH\CodeIgniter.php(499): CodeIgniter\CodeIgniter->runController(Object(App\Controllers\Peminjaman))
 8 SYSTEMPATH\CodeIgniter.php(368): CodeIgniter\CodeIgniter->handleRequest(null, Object(Config\Cache), false)
 9 FCPATH\index.php(67): CodeIgniter\CodeIgniter->run()
10 SYSTEMPATH\Commands\Server\rewrite.php(47): require_once('FCPATH\\index.php')
INFO - 2024-01-22 16:35:51 --> Session: Class initialized using 'CodeIgniter\Session\Handlers\FileHandler' driver.
INFO - 2024-01-22 16:36:02 --> Session: Class initialized using 'CodeIgniter\Session\Handlers\FileHandler' driver.
INFO - 2024-01-22 16:36:02 --> Session: Class initialized using 'CodeIgniter\Session\Handlers\FileHandler' driver.
INFO - 2024-01-22 16:36:10 --> Session: Class initialized using 'CodeIgniter\Session\Handlers\FileHandler' driver.
INFO - 2024-01-22 16:36:10 --> Session: Class initialized using 'CodeIgniter\Session\Handlers\FileHandler' driver.
CRITICAL - 2024-01-22 16:36:10 --> Undefined variable $dataPinjam
in APPPATH\Views\peminjaman\pinjam_daftar.php on line 196.
 1 APPPATH\Views\peminjaman\pinjam_daftar.php(196): CodeIgniter\Debug\Exceptions->errorHandler(2, 'Undefined variable $dataPinjam', 'APPPATH\\Views\\peminjaman\\pinjam_daftar.php', 196)
 2 SYSTEMPATH\View\View.php(213): include('APPPATH\\Views\\peminjaman\\pinjam_daftar.php')
 3 SYSTEMPATH\View\View.php(216): CodeIgniter\View\View->CodeIgniter\View\{closure}()
 4 SYSTEMPATH\Common.php(1177): CodeIgniter\View\View->render('peminjaman/pinjam_daftar', [], true)
 5 APPPATH\Controllers\Peminjaman.php(70): view('peminjaman/pinjam_daftar', [...])
 6 SYSTEMPATH\CodeIgniter.php(934): App\Controllers\Peminjaman->index()
 7 SYSTEMPATH\CodeIgniter.php(499): CodeIgniter\CodeIgniter->runController(Object(App\Controllers\Peminjaman))
 8 SYSTEMPATH\CodeIgniter.php(368): CodeIgniter\CodeIgniter->handleRequest(null, Object(Config\Cache), false)
 9 FCPATH\index.php(67): CodeIgniter\CodeIgniter->run()
10 SYSTEMPATH\Commands\Server\rewrite.php(47): require_once('FCPATH\\index.php')
INFO - 2024-01-22 16:36:22 --> Session: Class initialized using 'CodeIgniter\Session\Handlers\FileHandler' driver.
CRITICAL - 2024-01-22 16:36:22 --> Undefined variable $dataPinjam
in APPPATH\Views\peminjaman\pinjam_daftar.php on line 196.
 1 APPPATH\Views\peminjaman\pinjam_daftar.php(196): CodeIgniter\Debug\Exceptions->errorHandler(2, 'Undefined variable $dataPinjam', 'APPPATH\\Views\\peminjaman\\pinjam_daftar.php', 196)
 2 SYSTEMPATH\View\View.php(213): include('APPPATH\\Views\\peminjaman\\pinjam_daftar.php')
 3 SYSTEMPATH\View\View.php(216): CodeIgniter\View\View->CodeIgniter\View\{closure}()
 4 SYSTEMPATH\Common.php(1177): CodeIgniter\View\View->render('peminjaman/pinjam_daftar', [], true)
 5 APPPATH\Controllers\Peminjaman.php(70): view('peminjaman/pinjam_daftar', [...])
 6 SYSTEMPATH\CodeIgniter.php(934): App\Controllers\Peminjaman->index()
 7 SYSTEMPATH\CodeIgniter.php(499): CodeIgniter\CodeIgniter->runController(Object(App\Controllers\Peminjaman))
 8 SYSTEMPATH\CodeIgniter.php(368): CodeIgniter\CodeIgniter->handleRequest(null, Object(Config\Cache), false)
 9 FCPATH\index.php(67): CodeIgniter\CodeIgniter->run()
10 SYSTEMPATH\Commands\Server\rewrite.php(47): require_once('FCPATH\\index.php')
INFO - 2024-01-22 16:37:52 --> Session: Class initialized using 'CodeIgniter\Session\Handlers\FileHandler' driver.
CRITICAL - 2024-01-22 16:37:52 --> count(): Argument #1 ($value) must be of type Countable|array, null given
in APPPATH\Views\peminjaman\pinjam_daftar.php on line 196.
 1 SYSTEMPATH\View\View.php(213): include()
 2 SYSTEMPATH\View\View.php(216): CodeIgniter\View\View->CodeIgniter\View\{closure}()
 3 SYSTEMPATH\Common.php(1177): CodeIgniter\View\View->render('peminjaman/pinjam_daftar', [], true)
 4 APPPATH\Controllers\Peminjaman.php(70): view('peminjaman/pinjam_daftar', [...])
 5 SYSTEMPATH\CodeIgniter.php(934): App\Controllers\Peminjaman->index()
 6 SYSTEMPATH\CodeIgniter.php(499): CodeIgniter\CodeIgniter->runController(Object(App\Controllers\Peminjaman))
 7 SYSTEMPATH\CodeIgniter.php(368): CodeIgniter\CodeIgniter->handleRequest(null, Object(Config\Cache), false)
 8 FCPATH\index.php(67): CodeIgniter\CodeIgniter->run()
 9 SYSTEMPATH\Commands\Server\rewrite.php(47): require_once('FCPATH\\index.php')
INFO - 2024-01-22 16:38:35 --> Session: Class initialized using 'CodeIgniter\Session\Handlers\FileHandler' driver.
CRITICAL - 2024-01-22 16:38:35 --> Undefined variable $barangByStatus
in APPPATH\Views\peminjaman\pinjam_daftar.php on line 198.
 1 APPPATH\Views\peminjaman\pinjam_daftar.php(198): CodeIgniter\Debug\Exceptions->errorHandler(2, 'Undefined variable $barangByStatus', 'APPPATH\\Views\\peminjaman\\pinjam_daftar.php', 198)
 2 SYSTEMPATH\View\View.php(213): include('APPPATH\\Views\\peminjaman\\pinjam_daftar.php')
 3 SYSTEMPATH\View\View.php(216): CodeIgniter\View\View->CodeIgniter\View\{closure}()
 4 SYSTEMPATH\Common.php(1177): CodeIgniter\View\View->render('peminjaman/pinjam_daftar', [], true)
 5 APPPATH\Controllers\Peminjaman.php(70): view('peminjaman/pinjam_daftar', [...])
 6 SYSTEMPATH\CodeIgniter.php(934): App\Controllers\Peminjaman->index()
 7 SYSTEMPATH\CodeIgniter.php(499): CodeIgniter\CodeIgniter->runController(Object(App\Controllers\Peminjaman))
 8 SYSTEMPATH\CodeIgniter.php(368): CodeIgniter\CodeIgniter->handleRequest(null, Object(Config\Cache), false)
 9 FCPATH\index.php(67): CodeIgniter\CodeIgniter->run()
10 SYSTEMPATH\Commands\Server\rewrite.php(47): require_once('FCPATH\\index.php')
INFO - 2024-01-22 16:39:17 --> Session: Class initialized using 'CodeIgniter\Session\Handlers\FileHandler' driver.
CRITICAL - 2024-01-22 16:39:17 --> Undefined variable $barangByStatus
in APPPATH\Views\peminjaman\pinjam_daftar.php on line 199.
 1 APPPATH\Views\peminjaman\pinjam_daftar.php(199): CodeIgniter\Debug\Exceptions->errorHandler(2, 'Undefined variable $barangByStatus', 'APPPATH\\Views\\peminjaman\\pinjam_daftar.php', 199)
 2 SYSTEMPATH\View\View.php(213): include('APPPATH\\Views\\peminjaman\\pinjam_daftar.php')
 3 SYSTEMPATH\View\View.php(216): CodeIgniter\View\View->CodeIgniter\View\{closure}()
 4 SYSTEMPATH\Common.php(1177): CodeIgniter\View\View->render('peminjaman/pinjam_daftar', [], true)
 5 APPPATH\Controllers\Peminjaman.php(70): view('peminjaman/pinjam_daftar', [...])
 6 SYSTEMPATH\CodeIgniter.php(934): App\Controllers\Peminjaman->index()
 7 SYSTEMPATH\CodeIgniter.php(499): CodeIgniter\CodeIgniter->runController(Object(App\Controllers\Peminjaman))
 8 SYSTEMPATH\CodeIgniter.php(368): CodeIgniter\CodeIgniter->handleRequest(null, Object(Config\Cache), false)
 9 FCPATH\index.php(67): CodeIgniter\CodeIgniter->run()
10 SYSTEMPATH\Commands\Server\rewrite.php(47): require_once('FCPATH\\index.php')
INFO - 2024-01-22 16:40:57 --> Session: Class initialized using 'CodeIgniter\Session\Handlers\FileHandler' driver.
CRITICAL - 2024-01-22 16:40:58 --> Undefined variable $dataPinjam
in APPPATH\Views\peminjaman\pinjam_daftar.php on line 196.
 1 APPPATH\Views\peminjaman\pinjam_daftar.php(196): CodeIgniter\Debug\Exceptions->errorHandler(2, 'Undefined variable $dataPinjam', 'APPPATH\\Views\\peminjaman\\pinjam_daftar.php', 196)
 2 SYSTEMPATH\View\View.php(213): include('APPPATH\\Views\\peminjaman\\pinjam_daftar.php')
 3 SYSTEMPATH\View\View.php(216): CodeIgniter\View\View->CodeIgniter\View\{closure}()
 4 SYSTEMPATH\Common.php(1177): CodeIgniter\View\View->render('peminjaman/pinjam_daftar', [], true)
 5 APPPATH\Controllers\Peminjaman.php(83): view('peminjaman/pinjam_daftar', [...])
 6 SYSTEMPATH\CodeIgniter.php(934): App\Controllers\Peminjaman->index()
 7 SYSTEMPATH\CodeIgniter.php(499): CodeIgniter\CodeIgniter->runController(Object(App\Controllers\Peminjaman))
 8 SYSTEMPATH\CodeIgniter.php(368): CodeIgniter\CodeIgniter->handleRequest(null, Object(Config\Cache), false)
 9 FCPATH\index.php(67): CodeIgniter\CodeIgniter->run()
10 SYSTEMPATH\Commands\Server\rewrite.php(47): require_once('FCPATH\\index.php')
INFO - 2024-01-22 16:41:18 --> Session: Class initialized using 'CodeIgniter\Session\Handlers\FileHandler' driver.
INFO - 2024-01-22 16:41:28 --> Session: Class initialized using 'CodeIgniter\Session\Handlers\FileHandler' driver.
INFO - 2024-01-22 16:41:29 --> Session: Class initialized using 'CodeIgniter\Session\Handlers\FileHandler' driver.
INFO - 2024-01-22 16:41:33 --> Session: Class initialized using 'CodeIgniter\Session\Handlers\FileHandler' driver.
INFO - 2024-01-22 16:41:33 --> Session: Class initialized using 'CodeIgniter\Session\Handlers\FileHandler' driver.
CRITICAL - 2024-01-22 16:41:33 --> Undefined variable $dataPinjam
in APPPATH\Views\peminjaman\pinjam_daftar.php on line 196.
 1 APPPATH\Views\peminjaman\pinjam_daftar.php(196): CodeIgniter\Debug\Exceptions->errorHandler(2, 'Undefined variable $dataPinjam', 'APPPATH\\Views\\peminjaman\\pinjam_daftar.php', 196)
 2 SYSTEMPATH\View\View.php(213): include('APPPATH\\Views\\peminjaman\\pinjam_daftar.php')
 3 SYSTEMPATH\View\View.php(216): CodeIgniter\View\View->CodeIgniter\View\{closure}()
 4 SYSTEMPATH\Common.php(1177): CodeIgniter\View\View->render('peminjaman/pinjam_daftar', [], true)
 5 APPPATH\Controllers\Peminjaman.php(83): view('peminjaman/pinjam_daftar', [...])
 6 SYSTEMPATH\CodeIgniter.php(934): App\Controllers\Peminjaman->index()
 7 SYSTEMPATH\CodeIgniter.php(499): CodeIgniter\CodeIgniter->runController(Object(App\Controllers\Peminjaman))
 8 SYSTEMPATH\CodeIgniter.php(368): CodeIgniter\CodeIgniter->handleRequest(null, Object(Config\Cache), false)
 9 FCPATH\index.php(67): CodeIgniter\CodeIgniter->run()
10 SYSTEMPATH\Commands\Server\rewrite.php(47): require_once('FCPATH\\index.php')
INFO - 2024-01-22 16:41:39 --> Session: Class initialized using 'CodeIgniter\Session\Handlers\FileHandler' driver.
CRITICAL - 2024-01-22 16:41:39 --> Undefined variable $dataPinjam
in APPPATH\Views\peminjaman\pinjam_daftar.php on line 196.
 1 APPPATH\Views\peminjaman\pinjam_daftar.php(196): CodeIgniter\Debug\Exceptions->errorHandler(2, 'Undefined variable $dataPinjam', 'APPPATH\\Views\\peminjaman\\pinjam_daftar.php', 196)
 2 SYSTEMPATH\View\View.php(213): include('APPPATH\\Views\\peminjaman\\pinjam_daftar.php')
 3 SYSTEMPATH\View\View.php(216): CodeIgniter\View\View->CodeIgniter\View\{closure}()
 4 SYSTEMPATH\Common.php(1177): CodeIgniter\View\View->render('peminjaman/pinjam_daftar', [], true)
 5 APPPATH\Controllers\Peminjaman.php(83): view('peminjaman/pinjam_daftar', [...])
 6 SYSTEMPATH\CodeIgniter.php(934): App\Controllers\Peminjaman->index()
 7 SYSTEMPATH\CodeIgniter.php(499): CodeIgniter\CodeIgniter->runController(Object(App\Controllers\Peminjaman))
 8 SYSTEMPATH\CodeIgniter.php(368): CodeIgniter\CodeIgniter->handleRequest(null, Object(Config\Cache), false)
 9 FCPATH\index.php(67): CodeIgniter\CodeIgniter->run()
10 SYSTEMPATH\Commands\Server\rewrite.php(47): require_once('FCPATH\\index.php')
INFO - 2024-01-22 16:44:24 --> Session: Class initialized using 'CodeIgniter\Session\Handlers\FileHandler' driver.
CRITICAL - 2024-01-22 16:44:24 --> Undefined variable $dataPinjam
in APPPATH\Views\peminjaman\pinjam_daftar.php on line 196.
 1 APPPATH\Views\peminjaman\pinjam_daftar.php(196): CodeIgniter\Debug\Exceptions->errorHandler(2, 'Undefined variable $dataPinjam', 'APPPATH\\Views\\peminjaman\\pinjam_daftar.php', 196)
 2 SYSTEMPATH\View\View.php(213): include('APPPATH\\Views\\peminjaman\\pinjam_daftar.php')
 3 SYSTEMPATH\View\View.php(216): CodeIgniter\View\View->CodeIgniter\View\{closure}()
 4 SYSTEMPATH\Common.php(1177): CodeIgniter\View\View->render('peminjaman/pinjam_daftar', [], true)
 5 APPPATH\Controllers\Peminjaman.php(86): view('peminjaman/pinjam_daftar', [...])
 6 SYSTEMPATH\CodeIgniter.php(934): App\Controllers\Peminjaman->index()
 7 SYSTEMPATH\CodeIgniter.php(499): CodeIgniter\CodeIgniter->runController(Object(App\Controllers\Peminjaman))
 8 SYSTEMPATH\CodeIgniter.php(368): CodeIgniter\CodeIgniter->handleRequest(null, Object(Config\Cache), false)
 9 FCPATH\index.php(67): CodeIgniter\CodeIgniter->run()
10 SYSTEMPATH\Commands\Server\rewrite.php(47): require_once('FCPATH\\index.php')
INFO - 2024-01-22 16:45:19 --> Session: Class initialized using 'CodeIgniter\Session\Handlers\FileHandler' driver.
CRITICAL - 2024-01-22 16:45:19 --> Undefined array key "created_at"
in APPPATH\Views\peminjaman\pinjam_daftar.php on line 196.
 1 APPPATH\Views\peminjaman\pinjam_daftar.php(196): CodeIgniter\Debug\Exceptions->errorHandler(2, 'Undefined array key "created_at"', 'APPPATH\\Views\\peminjaman\\pinjam_daftar.php', 196)
 2 SYSTEMPATH\View\View.php(213): include('APPPATH\\Views\\peminjaman\\pinjam_daftar.php')
 3 SYSTEMPATH\View\View.php(216): CodeIgniter\View\View->CodeIgniter\View\{closure}()
 4 SYSTEMPATH\Common.php(1177): CodeIgniter\View\View->render('peminjaman/pinjam_daftar', [], true)
 5 APPPATH\Controllers\Peminjaman.php(86): view('peminjaman/pinjam_daftar', [...])
 6 SYSTEMPATH\CodeIgniter.php(934): App\Controllers\Peminjaman->index()
 7 SYSTEMPATH\CodeIgniter.php(499): CodeIgniter\CodeIgniter->runController(Object(App\Controllers\Peminjaman))
 8 SYSTEMPATH\CodeIgniter.php(368): CodeIgniter\CodeIgniter->handleRequest(null, Object(Config\Cache), false)
 9 FCPATH\index.php(67): CodeIgniter\CodeIgniter->run()
10 SYSTEMPATH\Commands\Server\rewrite.php(47): require_once('FCPATH\\index.php')
INFO - 2024-01-22 16:45:34 --> Session: Class initialized using 'CodeIgniter\Session\Handlers\FileHandler' driver.
CRITICAL - 2024-01-22 16:45:34 --> Undefined variable $dataPinjam
in APPPATH\Views\peminjaman\pinjam_daftar.php on line 196.
 1 APPPATH\Views\peminjaman\pinjam_daftar.php(196): CodeIgniter\Debug\Exceptions->errorHandler(2, 'Undefined variable $dataPinjam', 'APPPATH\\Views\\peminjaman\\pinjam_daftar.php', 196)
 2 SYSTEMPATH\View\View.php(213): include('APPPATH\\Views\\peminjaman\\pinjam_daftar.php')
 3 SYSTEMPATH\View\View.php(216): CodeIgniter\View\View->CodeIgniter\View\{closure}()
 4 SYSTEMPATH\Common.php(1177): CodeIgniter\View\View->render('peminjaman/pinjam_daftar', [], true)
 5 APPPATH\Controllers\Peminjaman.php(86): view('peminjaman/pinjam_daftar', [...])
 6 SYSTEMPATH\CodeIgniter.php(934): App\Controllers\Peminjaman->index()
 7 SYSTEMPATH\CodeIgniter.php(499): CodeIgniter\CodeIgniter->runController(Object(App\Controllers\Peminjaman))
 8 SYSTEMPATH\CodeIgniter.php(368): CodeIgniter\CodeIgniter->handleRequest(null, Object(Config\Cache), false)
 9 FCPATH\index.php(67): CodeIgniter\CodeIgniter->run()
10 SYSTEMPATH\Commands\Server\rewrite.php(47): require_once('FCPATH\\index.php')
INFO - 2024-01-22 16:48:50 --> Session: Class initialized using 'CodeIgniter\Session\Handlers\FileHandler' driver.
INFO - 2024-01-22 16:48:56 --> Session: Class initialized using 'CodeIgniter\Session\Handlers\FileHandler' driver.
INFO - 2024-01-22 16:49:01 --> Session: Class initialized using 'CodeIgniter\Session\Handlers\FileHandler' driver.
INFO - 2024-01-22 16:49:02 --> Session: Class initialized using 'CodeIgniter\Session\Handlers\FileHandler' driver.
INFO - 2024-01-22 16:49:05 --> Session: Class initialized using 'CodeIgniter\Session\Handlers\FileHandler' driver.
INFO - 2024-01-22 16:49:06 --> Session: Class initialized using 'CodeIgniter\Session\Handlers\FileHandler' driver.
CRITICAL - 2024-01-22 16:49:06 --> Undefined variable $peminjaman
in APPPATH\Views\pengeluaran\daftar_pengeluaran.php on line 275.
 1 APPPATH\Views\pengeluaran\daftar_pengeluaran.php(275): CodeIgniter\Debug\Exceptions->errorHandler(2, 'Undefined variable $peminjaman', 'APPPATH\\Views\\pengeluaran\\daftar_pengeluaran.php', 275)
 2 SYSTEMPATH\View\View.php(213): include('APPPATH\\Views\\pengeluaran\\daftar_pengeluaran.php')
 3 SYSTEMPATH\View\View.php(216): CodeIgniter\View\View->CodeIgniter\View\{closure}()
 4 SYSTEMPATH\Common.php(1177): CodeIgniter\View\View->render('pengeluaran/daftar_pengeluaran', [], true)
 5 APPPATH\Controllers\Pengeluaran.php(71): view('pengeluaran/daftar_pengeluaran', [...])
 6 SYSTEMPATH\CodeIgniter.php(934): App\Controllers\Pengeluaran->daftarPengeluaran()
 7 SYSTEMPATH\CodeIgniter.php(499): CodeIgniter\CodeIgniter->runController(Object(App\Controllers\Pengeluaran))
 8 SYSTEMPATH\CodeIgniter.php(368): CodeIgniter\CodeIgniter->handleRequest(null, Object(Config\Cache), false)
 9 FCPATH\index.php(67): CodeIgniter\CodeIgniter->run()
10 SYSTEMPATH\Commands\Server\rewrite.php(47): require_once('FCPATH\\index.php')
INFO - 2024-01-22 16:50:16 --> Session: Class initialized using 'CodeIgniter\Session\Handlers\FileHandler' driver.
INFO - 2024-01-22 16:50:19 --> Session: Class initialized using 'CodeIgniter\Session\Handlers\FileHandler' driver.
CRITICAL - 2024-01-22 16:50:19 --> Undefined variable $dataPinjam
in APPPATH\Views\peminjaman\pinjam_daftar.php on line 196.
 1 APPPATH\Views\peminjaman\pinjam_daftar.php(196): CodeIgniter\Debug\Exceptions->errorHandler(2, 'Undefined variable $dataPinjam', 'APPPATH\\Views\\peminjaman\\pinjam_daftar.php', 196)
 2 SYSTEMPATH\View\View.php(213): include('APPPATH\\Views\\peminjaman\\pinjam_daftar.php')
 3 SYSTEMPATH\View\View.php(216): CodeIgniter\View\View->CodeIgniter\View\{closure}()
 4 SYSTEMPATH\Common.php(1177): CodeIgniter\View\View->render('peminjaman/pinjam_daftar', [], true)
 5 APPPATH\Controllers\Peminjaman.php(83): view('peminjaman/pinjam_daftar', [...])
 6 SYSTEMPATH\CodeIgniter.php(934): App\Controllers\Peminjaman->index()
 7 SYSTEMPATH\CodeIgniter.php(499): CodeIgniter\CodeIgniter->runController(Object(App\Controllers\Peminjaman))
 8 SYSTEMPATH\CodeIgniter.php(368): CodeIgniter\CodeIgniter->handleRequest(null, Object(Config\Cache), false)
 9 FCPATH\index.php(67): CodeIgniter\CodeIgniter->run()
10 SYSTEMPATH\Commands\Server\rewrite.php(47): require_once('FCPATH\\index.php')
INFO - 2024-01-22 16:51:21 --> Session: Class initialized using 'CodeIgniter\Session\Handlers\FileHandler' driver.
CRITICAL - 2024-01-22 16:51:21 --> Undefined variable $dataPinjam
in APPPATH\Views\peminjaman\pinjam_daftar.php on line 196.
 1 APPPATH\Views\peminjaman\pinjam_daftar.php(196): CodeIgniter\Debug\Exceptions->errorHandler(2, 'Undefined variable $dataPinjam', 'APPPATH\\Views\\peminjaman\\pinjam_daftar.php', 196)
 2 SYSTEMPATH\View\View.php(213): include('APPPATH\\Views\\peminjaman\\pinjam_daftar.php')
 3 SYSTEMPATH\View\View.php(216): CodeIgniter\View\View->CodeIgniter\View\{closure}()
 4 SYSTEMPATH\Common.php(1177): CodeIgniter\View\View->render('peminjaman/pinjam_daftar', [], true)
 5 APPPATH\Controllers\Peminjaman.php(83): view('peminjaman/pinjam_daftar', [...])
 6 SYSTEMPATH\CodeIgniter.php(934): App\Controllers\Peminjaman->index()
 7 SYSTEMPATH\CodeIgniter.php(499): CodeIgniter\CodeIgniter->runController(Object(App\Controllers\Peminjaman))
 8 SYSTEMPATH\CodeIgniter.php(368): CodeIgniter\CodeIgniter->handleRequest(null, Object(Config\Cache), false)
 9 FCPATH\index.php(67): CodeIgniter\CodeIgniter->run()
10 SYSTEMPATH\Commands\Server\rewrite.php(47): require_once('FCPATH\\index.php')
INFO - 2024-01-22 16:54:16 --> Session: Class initialized using 'CodeIgniter\Session\Handlers\FileHandler' driver.
CRITICAL - 2024-01-22 16:54:16 --> Undefined variable $dataPengeluaran
in APPPATH\Views\peminjaman\pinjam_daftar.php on line 200.
 1 APPPATH\Views\peminjaman\pinjam_daftar.php(200): CodeIgniter\Debug\Exceptions->errorHandler(2, 'Undefined variable $dataPengeluaran', 'APPPATH\\Views\\peminjaman\\pinjam_daftar.php', 200)
 2 SYSTEMPATH\View\View.php(213): include('APPPATH\\Views\\peminjaman\\pinjam_daftar.php')
 3 SYSTEMPATH\View\View.php(216): CodeIgniter\View\View->CodeIgniter\View\{closure}()
 4 SYSTEMPATH\Common.php(1177): CodeIgniter\View\View->render('peminjaman/pinjam_daftar', [], true)
 5 APPPATH\Controllers\Peminjaman.php(83): view('peminjaman/pinjam_daftar', [...])
 6 SYSTEMPATH\CodeIgniter.php(934): App\Controllers\Peminjaman->index()
 7 SYSTEMPATH\CodeIgniter.php(499): CodeIgniter\CodeIgniter->runController(Object(App\Controllers\Peminjaman))
 8 SYSTEMPATH\CodeIgniter.php(368): CodeIgniter\CodeIgniter->handleRequest(null, Object(Config\Cache), false)
 9 FCPATH\index.php(67): CodeIgniter\CodeIgniter->run()
10 SYSTEMPATH\Commands\Server\rewrite.php(47): require_once('FCPATH\\index.php')
INFO - 2024-01-22 16:54:47 --> Session: Class initialized using 'CodeIgniter\Session\Handlers\FileHandler' driver.
CRITICAL - 2024-01-22 16:54:47 --> Undefined variable $dataPinjam
in APPPATH\Views\peminjaman\pinjam_daftar.php on line 200.
 1 APPPATH\Views\peminjaman\pinjam_daftar.php(200): CodeIgniter\Debug\Exceptions->errorHandler(2, 'Undefined variable $dataPinjam', 'APPPATH\\Views\\peminjaman\\pinjam_daftar.php', 200)
 2 SYSTEMPATH\View\View.php(213): include('APPPATH\\Views\\peminjaman\\pinjam_daftar.php')
 3 SYSTEMPATH\View\View.php(216): CodeIgniter\View\View->CodeIgniter\View\{closure}()
 4 SYSTEMPATH\Common.php(1177): CodeIgniter\View\View->render('peminjaman/pinjam_daftar', [], true)
 5 APPPATH\Controllers\Peminjaman.php(83): view('peminjaman/pinjam_daftar', [...])
 6 SYSTEMPATH\CodeIgniter.php(934): App\Controllers\Peminjaman->index()
 7 SYSTEMPATH\CodeIgniter.php(499): CodeIgniter\CodeIgniter->runController(Object(App\Controllers\Peminjaman))
 8 SYSTEMPATH\CodeIgniter.php(368): CodeIgniter\CodeIgniter->handleRequest(null, Object(Config\Cache), false)
 9 FCPATH\index.php(67): CodeIgniter\CodeIgniter->run()
10 SYSTEMPATH\Commands\Server\rewrite.php(47): require_once('FCPATH\\index.php')
INFO - 2024-01-22 16:55:08 --> Session: Class initialized using 'CodeIgniter\Session\Handlers\FileHandler' driver.
CRITICAL - 2024-01-22 16:55:08 --> Undefined variable $dataPengeluaran
in APPPATH\Views\peminjaman\pinjam_daftar.php on line 200.
 1 APPPATH\Views\peminjaman\pinjam_daftar.php(200): CodeIgniter\Debug\Exceptions->errorHandler(2, 'Undefined variable $dataPengeluaran', 'APPPATH\\Views\\peminjaman\\pinjam_daftar.php', 200)
 2 SYSTEMPATH\View\View.php(213): include('APPPATH\\Views\\peminjaman\\pinjam_daftar.php')
 3 SYSTEMPATH\View\View.php(216): CodeIgniter\View\View->CodeIgniter\View\{closure}()
 4 SYSTEMPATH\Common.php(1177): CodeIgniter\View\View->render('peminjaman/pinjam_daftar', [], true)
 5 APPPATH\Controllers\Peminjaman.php(83): view('peminjaman/pinjam_daftar', [...])
 6 SYSTEMPATH\CodeIgniter.php(934): App\Controllers\Peminjaman->index()
 7 SYSTEMPATH\CodeIgniter.php(499): CodeIgniter\CodeIgniter->runController(Object(App\Controllers\Peminjaman))
 8 SYSTEMPATH\CodeIgniter.php(368): CodeIgniter\CodeIgniter->handleRequest(null, Object(Config\Cache), false)
 9 FCPATH\index.php(67): CodeIgniter\CodeIgniter->run()
10 SYSTEMPATH\Commands\Server\rewrite.php(47): require_once('FCPATH\\index.php')
INFO - 2024-01-22 16:56:04 --> Session: Class initialized using 'CodeIgniter\Session\Handlers\FileHandler' driver.
CRITICAL - 2024-01-22 16:56:04 --> Undefined variable $dataPengeluaran
in APPPATH\Views\peminjaman\pinjam_daftar.php on line 200.
 1 APPPATH\Views\peminjaman\pinjam_daftar.php(200): CodeIgniter\Debug\Exceptions->errorHandler(2, 'Undefined variable $dataPengeluaran', 'APPPATH\\Views\\peminjaman\\pinjam_daftar.php', 200)
 2 SYSTEMPATH\View\View.php(213): include('APPPATH\\Views\\peminjaman\\pinjam_daftar.php')
 3 SYSTEMPATH\View\View.php(216): CodeIgniter\View\View->CodeIgniter\View\{closure}()
 4 SYSTEMPATH\Common.php(1177): CodeIgniter\View\View->render('peminjaman/pinjam_daftar', [], true)
 5 APPPATH\Controllers\Peminjaman.php(83): view('peminjaman/pinjam_daftar', [...])
 6 SYSTEMPATH\CodeIgniter.php(934): App\Controllers\Peminjaman->index()
 7 SYSTEMPATH\CodeIgniter.php(499): CodeIgniter\CodeIgniter->runController(Object(App\Controllers\Peminjaman))
 8 SYSTEMPATH\CodeIgniter.php(368): CodeIgniter\CodeIgniter->handleRequest(null, Object(Config\Cache), false)
 9 FCPATH\index.php(67): CodeIgniter\CodeIgniter->run()
10 SYSTEMPATH\Commands\Server\rewrite.php(47): require_once('FCPATH\\index.php')
INFO - 2024-01-22 16:57:51 --> Session: Class initialized using 'CodeIgniter\Session\Handlers\FileHandler' driver.
CRITICAL - 2024-01-22 16:57:51 --> Undefined variable $dataPinjam
in APPPATH\Views\peminjaman\pinjam_daftar.php on line 196.
 1 APPPATH\Views\peminjaman\pinjam_daftar.php(196): CodeIgniter\Debug\Exceptions->errorHandler(2, 'Undefined variable $dataPinjam', 'APPPATH\\Views\\peminjaman\\pinjam_daftar.php', 196)
 2 SYSTEMPATH\View\View.php(213): include('APPPATH\\Views\\peminjaman\\pinjam_daftar.php')
 3 SYSTEMPATH\View\View.php(216): CodeIgniter\View\View->CodeIgniter\View\{closure}()
 4 SYSTEMPATH\Common.php(1177): CodeIgniter\View\View->render('peminjaman/pinjam_daftar', [], true)
 5 APPPATH\Controllers\Peminjaman.php(83): view('peminjaman/pinjam_daftar', [...])
 6 SYSTEMPATH\CodeIgniter.php(934): App\Controllers\Peminjaman->index()
 7 SYSTEMPATH\CodeIgniter.php(499): CodeIgniter\CodeIgniter->runController(Object(App\Controllers\Peminjaman))
 8 SYSTEMPATH\CodeIgniter.php(368): CodeIgniter\CodeIgniter->handleRequest(null, Object(Config\Cache), false)
 9 FCPATH\index.php(67): CodeIgniter\CodeIgniter->run()
10 SYSTEMPATH\Commands\Server\rewrite.php(47): require_once('FCPATH\\index.php')
INFO - 2024-01-22 16:59:56 --> Session: Class initialized using 'CodeIgniter\Session\Handlers\FileHandler' driver.
CRITICAL - 2024-01-22 16:59:56 --> Undefined variable $dataPinjam
in APPPATH\Views\peminjaman\pinjam_daftar.php on line 198.
 1 APPPATH\Views\peminjaman\pinjam_daftar.php(198): CodeIgniter\Debug\Exceptions->errorHandler(2, 'Undefined variable $dataPinjam', 'APPPATH\\Views\\peminjaman\\pinjam_daftar.php', 198)
 2 SYSTEMPATH\View\View.php(213): include('APPPATH\\Views\\peminjaman\\pinjam_daftar.php')
 3 SYSTEMPATH\View\View.php(216): CodeIgniter\View\View->CodeIgniter\View\{closure}()
 4 SYSTEMPATH\Common.php(1177): CodeIgniter\View\View->render('peminjaman/pinjam_daftar', [], true)
 5 APPPATH\Controllers\Peminjaman.php(83): view('peminjaman/pinjam_daftar', [...])
 6 SYSTEMPATH\CodeIgniter.php(934): App\Controllers\Peminjaman->index()
 7 SYSTEMPATH\CodeIgniter.php(499): CodeIgniter\CodeIgniter->runController(Object(App\Controllers\Peminjaman))
 8 SYSTEMPATH\CodeIgniter.php(368): CodeIgniter\CodeIgniter->handleRequest(null, Object(Config\Cache), false)
 9 FCPATH\index.php(67): CodeIgniter\CodeIgniter->run()
10 SYSTEMPATH\Commands\Server\rewrite.php(47): require_once('FCPATH\\index.php')
INFO - 2024-01-22 17:00:57 --> Session: Class initialized using 'CodeIgniter\Session\Handlers\FileHandler' driver.
CRITICAL - 2024-01-22 17:00:57 --> Undefined variable $dataPinjam
in APPPATH\Controllers\Peminjaman.php on line 80.
 1 APPPATH\Controllers\Peminjaman.php(80): CodeIgniter\Debug\Exceptions->errorHandler(2, 'Undefined variable $dataPinjam', 'APPPATH\\Controllers\\Peminjaman.php', 80)
 2 SYSTEMPATH\CodeIgniter.php(934): App\Controllers\Peminjaman->index()
 3 SYSTEMPATH\CodeIgniter.php(499): CodeIgniter\CodeIgniter->runController(Object(App\Controllers\Peminjaman))
 4 SYSTEMPATH\CodeIgniter.php(368): CodeIgniter\CodeIgniter->handleRequest(null, Object(Config\Cache), false)
 5 FCPATH\index.php(67): CodeIgniter\CodeIgniter->run()
 6 SYSTEMPATH\Commands\Server\rewrite.php(47): require_once('FCPATH\\index.php')
INFO - 2024-01-22 17:02:56 --> Session: Class initialized using 'CodeIgniter\Session\Handlers\FileHandler' driver.
CRITICAL - 2024-01-22 17:02:56 --> Undefined array key "created_at"
in APPPATH\Views\peminjaman\pinjam_daftar.php on line 198.
 1 APPPATH\Views\peminjaman\pinjam_daftar.php(198): CodeIgniter\Debug\Exceptions->errorHandler(2, 'Undefined array key "created_at"', 'APPPATH\\Views\\peminjaman\\pinjam_daftar.php', 198)
 2 SYSTEMPATH\View\View.php(213): include('APPPATH\\Views\\peminjaman\\pinjam_daftar.php')
 3 SYSTEMPATH\View\View.php(216): CodeIgniter\View\View->CodeIgniter\View\{closure}()
 4 SYSTEMPATH\Common.php(1177): CodeIgniter\View\View->render('peminjaman/pinjam_daftar', [], true)
 5 APPPATH\Controllers\Peminjaman.php(90): view('peminjaman/pinjam_daftar', [...])
 6 SYSTEMPATH\CodeIgniter.php(934): App\Controllers\Peminjaman->index()
 7 SYSTEMPATH\CodeIgniter.php(499): CodeIgniter\CodeIgniter->runController(Object(App\Controllers\Peminjaman))
 8 SYSTEMPATH\CodeIgniter.php(368): CodeIgniter\CodeIgniter->handleRequest(null, Object(Config\Cache), false)
 9 FCPATH\index.php(67): CodeIgniter\CodeIgniter->run()
10 SYSTEMPATH\Commands\Server\rewrite.php(47): require_once('FCPATH\\index.php')
INFO - 2024-01-22 17:03:48 --> Session: Class initialized using 'CodeIgniter\Session\Handlers\FileHandler' driver.
CRITICAL - 2024-01-22 17:03:48 --> Undefined array key "created_at"
in APPPATH\Views\peminjaman\pinjam_daftar.php on line 198.
 1 APPPATH\Views\peminjaman\pinjam_daftar.php(198): CodeIgniter\Debug\Exceptions->errorHandler(2, 'Undefined array key "created_at"', 'APPPATH\\Views\\peminjaman\\pinjam_daftar.php', 198)
 2 SYSTEMPATH\View\View.php(213): include('APPPATH\\Views\\peminjaman\\pinjam_daftar.php')
 3 SYSTEMPATH\View\View.php(216): CodeIgniter\View\View->CodeIgniter\View\{closure}()
 4 SYSTEMPATH\Common.php(1177): CodeIgniter\View\View->render('peminjaman/pinjam_daftar', [], true)
 5 APPPATH\Controllers\Peminjaman.php(96): view('peminjaman/pinjam_daftar', [...])
 6 SYSTEMPATH\CodeIgniter.php(934): App\Controllers\Peminjaman->index()
 7 SYSTEMPATH\CodeIgniter.php(499): CodeIgniter\CodeIgniter->runController(Object(App\Controllers\Peminjaman))
 8 SYSTEMPATH\CodeIgniter.php(368): CodeIgniter\CodeIgniter->handleRequest(null, Object(Config\Cache), false)
 9 FCPATH\index.php(67): CodeIgniter\CodeIgniter->run()
10 SYSTEMPATH\Commands\Server\rewrite.php(47): require_once('FCPATH\\index.php')
INFO - 2024-01-22 17:04:30 --> Session: Class initialized using 'CodeIgniter\Session\Handlers\FileHandler' driver.
INFO - 2024-01-22 17:06:36 --> Session: Class initialized using 'CodeIgniter\Session\Handlers\FileHandler' driver.
INFO - 2024-01-22 17:06:36 --> Session: Class initialized using 'CodeIgniter\Session\Handlers\FileHandler' driver.
INFO - 2024-01-22 17:08:40 --> Session: Class initialized using 'CodeIgniter\Session\Handlers\FileHandler' driver.
INFO - 2024-01-22 17:08:42 --> Session: Class initialized using 'CodeIgniter\Session\Handlers\FileHandler' driver.
INFO - 2024-01-22 17:08:43 --> Session: Class initialized using 'CodeIgniter\Session\Handlers\FileHandler' driver.
CRITICAL - 2024-01-22 17:08:43 --> Undefined variable $dataPinjam
in APPPATH\Views\peminjaman\pinjam_daftar.php on line 182.
 1 APPPATH\Views\peminjaman\pinjam_daftar.php(182): CodeIgniter\Debug\Exceptions->errorHandler(2, 'Undefined variable $dataPinjam', 'APPPATH\\Views\\peminjaman\\pinjam_daftar.php', 182)
 2 SYSTEMPATH\View\View.php(213): include('APPPATH\\Views\\peminjaman\\pinjam_daftar.php')
 3 SYSTEMPATH\View\View.php(216): CodeIgniter\View\View->CodeIgniter\View\{closure}()
 4 SYSTEMPATH\Common.php(1177): CodeIgniter\View\View->render('peminjaman/pinjam_daftar', [], true)
 5 APPPATH\Controllers\Peminjaman.php(84): view('peminjaman/pinjam_daftar', [...])
 6 SYSTEMPATH\CodeIgniter.php(934): App\Controllers\Peminjaman->index()
 7 SYSTEMPATH\CodeIgniter.php(499): CodeIgniter\CodeIgniter->runController(Object(App\Controllers\Peminjaman))
 8 SYSTEMPATH\CodeIgniter.php(368): CodeIgniter\CodeIgniter->handleRequest(null, Object(Config\Cache), false)
 9 FCPATH\index.php(67): CodeIgniter\CodeIgniter->run()
10 SYSTEMPATH\Commands\Server\rewrite.php(47): require_once('FCPATH\\index.php')
INFO - 2024-01-22 17:08:45 --> Session: Class initialized using 'CodeIgniter\Session\Handlers\FileHandler' driver.
CRITICAL - 2024-01-22 17:08:45 --> Undefined variable $dataPinjam
in APPPATH\Views\peminjaman\pinjam_daftar.php on line 182.
 1 APPPATH\Views\peminjaman\pinjam_daftar.php(182): CodeIgniter\Debug\Exceptions->errorHandler(2, 'Undefined variable $dataPinjam', 'APPPATH\\Views\\peminjaman\\pinjam_daftar.php', 182)
 2 SYSTEMPATH\View\View.php(213): include('APPPATH\\Views\\peminjaman\\pinjam_daftar.php')
 3 SYSTEMPATH\View\View.php(216): CodeIgniter\View\View->CodeIgniter\View\{closure}()
 4 SYSTEMPATH\Common.php(1177): CodeIgniter\View\View->render('peminjaman/pinjam_daftar', [], true)
 5 APPPATH\Controllers\Peminjaman.php(84): view('peminjaman/pinjam_daftar', [...])
 6 SYSTEMPATH\CodeIgniter.php(934): App\Controllers\Peminjaman->index()
 7 SYSTEMPATH\CodeIgniter.php(499): CodeIgniter\CodeIgniter->runController(Object(App\Controllers\Peminjaman))
 8 SYSTEMPATH\CodeIgniter.php(368): CodeIgniter\CodeIgniter->handleRequest(null, Object(Config\Cache), false)
 9 FCPATH\index.php(67): CodeIgniter\CodeIgniter->run()
10 SYSTEMPATH\Commands\Server\rewrite.php(47): require_once('FCPATH\\index.php')
INFO - 2024-01-22 17:10:02 --> Session: Class initialized using 'CodeIgniter\Session\Handlers\FileHandler' driver.
CRITICAL - 2024-01-22 17:10:02 --> Undefined variable $dataPinjam
in APPPATH\Views\peminjaman\pinjam_daftar.php on line 182.
 1 APPPATH\Views\peminjaman\pinjam_daftar.php(182): CodeIgniter\Debug\Exceptions->errorHandler(2, 'Undefined variable $dataPinjam', 'APPPATH\\Views\\peminjaman\\pinjam_daftar.php', 182)
 2 SYSTEMPATH\View\View.php(213): include('APPPATH\\Views\\peminjaman\\pinjam_daftar.php')
 3 SYSTEMPATH\View\View.php(216): CodeIgniter\View\View->CodeIgniter\View\{closure}()
 4 SYSTEMPATH\Common.php(1177): CodeIgniter\View\View->render('peminjaman/pinjam_daftar', [], true)
 5 APPPATH\Controllers\Peminjaman.php(104): view('peminjaman/pinjam_daftar', [...])
 6 SYSTEMPATH\CodeIgniter.php(934): App\Controllers\Peminjaman->index()
 7 SYSTEMPATH\CodeIgniter.php(499): CodeIgniter\CodeIgniter->runController(Object(App\Controllers\Peminjaman))
 8 SYSTEMPATH\CodeIgniter.php(368): CodeIgniter\CodeIgniter->handleRequest(null, Object(Config\Cache), false)
 9 FCPATH\index.php(67): CodeIgniter\CodeIgniter->run()
10 SYSTEMPATH\Commands\Server\rewrite.php(47): require_once('FCPATH\\index.php')
INFO - 2024-01-22 17:12:03 --> Session: Class initialized using 'CodeIgniter\Session\Handlers\FileHandler' driver.
CRITICAL - 2024-01-22 17:12:03 --> Undefined variable $dataPinjam
in APPPATH\Views\peminjaman\pinjam_daftar.php on line 182.
 1 APPPATH\Views\peminjaman\pinjam_daftar.php(182): CodeIgniter\Debug\Exceptions->errorHandler(2, 'Undefined variable $dataPinjam', 'APPPATH\\Views\\peminjaman\\pinjam_daftar.php', 182)
 2 SYSTEMPATH\View\View.php(213): include('APPPATH\\Views\\peminjaman\\pinjam_daftar.php')
 3 SYSTEMPATH\View\View.php(216): CodeIgniter\View\View->CodeIgniter\View\{closure}()
 4 SYSTEMPATH\Common.php(1177): CodeIgniter\View\View->render('peminjaman/pinjam_daftar', [], true)
 5 APPPATH\Controllers\Peminjaman.php(84): view('peminjaman/pinjam_daftar', [...])
 6 SYSTEMPATH\CodeIgniter.php(934): App\Controllers\Peminjaman->index()
 7 SYSTEMPATH\CodeIgniter.php(499): CodeIgniter\CodeIgniter->runController(Object(App\Controllers\Peminjaman))
 8 SYSTEMPATH\CodeIgniter.php(368): CodeIgniter\CodeIgniter->handleRequest(null, Object(Config\Cache), false)
 9 FCPATH\index.php(67): CodeIgniter\CodeIgniter->run()
10 SYSTEMPATH\Commands\Server\rewrite.php(47): require_once('FCPATH\\index.php')
INFO - 2024-01-22 17:13:49 --> Session: Class initialized using 'CodeIgniter\Session\Handlers\FileHandler' driver.
INFO - 2024-01-22 17:14:13 --> Session: Class initialized using 'CodeIgniter\Session\Handlers\FileHandler' driver.
INFO - 2024-01-22 17:14:24 --> Session: Class initialized using 'CodeIgniter\Session\Handlers\FileHandler' driver.
INFO - 2024-01-22 17:14:25 --> Session: Class initialized using 'CodeIgniter\Session\Handlers\FileHandler' driver.
INFO - 2024-01-22 17:14:28 --> Session: Class initialized using 'CodeIgniter\Session\Handlers\FileHandler' driver.
INFO - 2024-01-22 17:14:28 --> Session: Class initialized using 'CodeIgniter\Session\Handlers\FileHandler' driver.
INFO - 2024-01-22 17:14:30 --> Session: Class initialized using 'CodeIgniter\Session\Handlers\FileHandler' driver.
INFO - 2024-01-22 17:21:24 --> Session: Class initialized using 'CodeIgniter\Session\Handlers\FileHandler' driver.
CRITICAL - 2024-01-22 17:21:24 --> Undefined variable $peminjaman
in APPPATH\Views\pengeluaran\daftar_pengeluaran.php on line 275.
 1 APPPATH\Views\pengeluaran\daftar_pengeluaran.php(275): CodeIgniter\Debug\Exceptions->errorHandler(2, 'Undefined variable $peminjaman', 'APPPATH\\Views\\pengeluaran\\daftar_pengeluaran.php', 275)
 2 SYSTEMPATH\View\View.php(213): include('APPPATH\\Views\\pengeluaran\\daftar_pengeluaran.php')
 3 SYSTEMPATH\View\View.php(216): CodeIgniter\View\View->CodeIgniter\View\{closure}()
 4 SYSTEMPATH\Common.php(1177): CodeIgniter\View\View->render('pengeluaran/daftar_pengeluaran', [], true)
 5 APPPATH\Controllers\Pengeluaran.php(71): view('pengeluaran/daftar_pengeluaran', [...])
 6 SYSTEMPATH\CodeIgniter.php(934): App\Controllers\Pengeluaran->daftarPengeluaran()
 7 SYSTEMPATH\CodeIgniter.php(499): CodeIgniter\CodeIgniter->runController(Object(App\Controllers\Pengeluaran))
 8 SYSTEMPATH\CodeIgniter.php(368): CodeIgniter\CodeIgniter->handleRequest(null, Object(Config\Cache), false)
 9 FCPATH\index.php(67): CodeIgniter\CodeIgniter->run()
10 SYSTEMPATH\Commands\Server\rewrite.php(47): require_once('FCPATH\\index.php')
INFO - 2024-01-22 17:21:40 --> Session: Class initialized using 'CodeIgniter\Session\Handlers\FileHandler' driver.
INFO - 2024-01-22 17:22:16 --> Session: Class initialized using 'CodeIgniter\Session\Handlers\FileHandler' driver.
INFO - 2024-01-22 17:22:21 --> Session: Class initialized using 'CodeIgniter\Session\Handlers\FileHandler' driver.
INFO - 2024-01-22 17:26:01 --> Session: Class initialized using 'CodeIgniter\Session\Handlers\FileHandler' driver.
INFO - 2024-01-22 17:26:03 --> Session: Class initialized using 'CodeIgniter\Session\Handlers\FileHandler' driver.
INFO - 2024-01-22 17:26:10 --> Session: Class initialized using 'CodeIgniter\Session\Handlers\FileHandler' driver.
INFO - 2024-01-22 17:26:40 --> Session: Class initialized using 'CodeIgniter\Session\Handlers\FileHandler' driver.
INFO - 2024-01-22 17:26:45 --> Session: Class initialized using 'CodeIgniter\Session\Handlers\FileHandler' driver.
INFO - 2024-01-22 17:26:58 --> Session: Class initialized using 'CodeIgniter\Session\Handlers\FileHandler' driver.
INFO - 2024-01-22 17:27:02 --> Session: Class initialized using 'CodeIgniter\Session\Handlers\FileHandler' driver.
INFO - 2024-01-22 17:27:06 --> Session: Class initialized using 'CodeIgniter\Session\Handlers\FileHandler' driver.
INFO - 2024-01-22 17:27:11 --> Session: Class initialized using 'CodeIgniter\Session\Handlers\FileHandler' driver.
INFO - 2024-01-22 17:27:14 --> Session: Class initialized using 'CodeIgniter\Session\Handlers\FileHandler' driver.
INFO - 2024-01-22 17:27:16 --> Session: Class initialized using 'CodeIgniter\Session\Handlers\FileHandler' driver.
INFO - 2024-01-22 17:27:19 --> Session: Class initialized using 'CodeIgniter\Session\Handlers\FileHandler' driver.
INFO - 2024-01-22 17:27:25 --> Session: Class initialized using 'CodeIgniter\Session\Handlers\FileHandler' driver.
INFO - 2024-01-22 17:27:27 --> Session: Class initialized using 'CodeIgniter\Session\Handlers\FileHandler' driver.
INFO - 2024-01-22 17:27:29 --> Session: Class initialized using 'CodeIgniter\Session\Handlers\FileHandler' driver.
INFO - 2024-01-22 19:19:27 --> Session: Class initialized using 'CodeIgniter\Session\Handlers\FileHandler' driver.
INFO - 2024-01-22 19:31:00 --> Session: Class initialized using 'CodeIgniter\Session\Handlers\FileHandler' driver.
INFO - 2024-01-22 19:31:03 --> Session: Class initialized using 'CodeIgniter\Session\Handlers\FileHandler' driver.
INFO - 2024-01-22 19:31:15 --> Session: Class initialized using 'CodeIgniter\Session\Handlers\FileHandler' driver.
INFO - 2024-01-22 19:31:15 --> Session: Class initialized using 'CodeIgniter\Session\Handlers\FileHandler' driver.
INFO - 2024-01-22 19:44:10 --> Session: Class initialized using 'CodeIgniter\Session\Handlers\FileHandler' driver.
INFO - 2024-01-22 19:47:16 --> Session: Class initialized using 'CodeIgniter\Session\Handlers\FileHandler' driver.
INFO - 2024-01-22 19:50:46 --> Session: Class initialized using 'CodeIgniter\Session\Handlers\FileHandler' driver.
INFO - 2024-01-22 19:50:53 --> Session: Class initialized using 'CodeIgniter\Session\Handlers\FileHandler' driver.
INFO - 2024-01-22 19:50:58 --> Session: Class initialized using 'CodeIgniter\Session\Handlers\FileHandler' driver.
INFO - 2024-01-22 19:51:03 --> Session: Class initialized using 'CodeIgniter\Session\Handlers\FileHandler' driver.
INFO - 2024-01-22 19:51:19 --> Session: Class initialized using 'CodeIgniter\Session\Handlers\FileHandler' driver.
INFO - 2024-01-22 19:51:20 --> Session: Class initialized using 'CodeIgniter\Session\Handlers\FileHandler' driver.
INFO - 2024-01-22 19:51:23 --> Session: Class initialized using 'CodeIgniter\Session\Handlers\FileHandler' driver.
INFO - 2024-01-22 20:24:41 --> Session: Class initialized using 'CodeIgniter\Session\Handlers\FileHandler' driver.
INFO - 2024-01-22 20:24:50 --> Session: Class initialized using 'CodeIgniter\Session\Handlers\FileHandler' driver.
INFO - 2024-01-22 20:24:54 --> Session: Class initialized using 'CodeIgniter\Session\Handlers\FileHandler' driver.
INFO - 2024-01-22 20:24:58 --> Session: Class initialized using 'CodeIgniter\Session\Handlers\FileHandler' driver.
INFO - 2024-01-22 20:25:03 --> Session: Class initialized using 'CodeIgniter\Session\Handlers\FileHandler' driver.
INFO - 2024-01-22 20:25:18 --> Session: Class initialized using 'CodeIgniter\Session\Handlers\FileHandler' driver.
INFO - 2024-01-22 20:25:26 --> Session: Class initialized using 'CodeIgniter\Session\Handlers\FileHandler' driver.
INFO - 2024-01-22 20:25:32 --> Session: Class initialized using 'CodeIgniter\Session\Handlers\FileHandler' driver.
INFO - 2024-01-22 20:26:28 --> Session: Class initialized using 'CodeIgniter\Session\Handlers\FileHandler' driver.
INFO - 2024-01-22 20:27:04 --> Session: Class initialized using 'CodeIgniter\Session\Handlers\FileHandler' driver.
INFO - 2024-01-22 20:27:09 --> Session: Class initialized using 'CodeIgniter\Session\Handlers\FileHandler' driver.
INFO - 2024-01-22 20:31:27 --> Session: Class initialized using 'CodeIgniter\Session\Handlers\FileHandler' driver.
INFO - 2024-01-22 20:37:47 --> Session: Class initialized using 'CodeIgniter\Session\Handlers\FileHandler' driver.
INFO - 2024-01-22 20:37:52 --> Session: Class initialized using 'CodeIgniter\Session\Handlers\FileHandler' driver.
CRITICAL - 2024-01-22 20:37:52 --> Undefined variable $csrfToken
in APPPATH\Views\peminjaman\pinjam_edit.php on line 28.
 1 APPPATH\Views\peminjaman\pinjam_edit.php(28): CodeIgniter\Debug\Exceptions->errorHandler(2, 'Undefined variable $csrfToken', 'APPPATH\\Views\\peminjaman\\pinjam_edit.php', 28)
 2 SYSTEMPATH\View\View.php(213): include('APPPATH\\Views\\peminjaman\\pinjam_edit.php')
 3 SYSTEMPATH\View\View.php(216): CodeIgniter\View\View->CodeIgniter\View\{closure}()
 4 SYSTEMPATH\Common.php(1177): CodeIgniter\View\View->render('peminjaman/pinjam_edit', [], true)
 5 APPPATH\Controllers\Peminjaman.php(317): view('peminjaman/pinjam_edit', [...])
 6 SYSTEMPATH\CodeIgniter.php(934): App\Controllers\Peminjaman->edit('92')
 7 SYSTEMPATH\CodeIgniter.php(499): CodeIgniter\CodeIgniter->runController(Object(App\Controllers\Peminjaman))
 8 SYSTEMPATH\CodeIgniter.php(368): CodeIgniter\CodeIgniter->handleRequest(null, Object(Config\Cache), false)
 9 FCPATH\index.php(67): CodeIgniter\CodeIgniter->run()
10 SYSTEMPATH\Commands\Server\rewrite.php(47): require_once('FCPATH\\index.php')
INFO - 2024-01-22 20:38:31 --> Session: Class initialized using 'CodeIgniter\Session\Handlers\FileHandler' driver.
CRITICAL - 2024-01-22 20:38:31 --> Undefined variable $kode_pinjam
in APPPATH\Views\peminjaman\pinjam_edit.php on line 32.
 1 APPPATH\Views\peminjaman\pinjam_edit.php(32): CodeIgniter\Debug\Exceptions->errorHandler(2, 'Undefined variable $kode_pinjam', 'APPPATH\\Views\\peminjaman\\pinjam_edit.php', 32)
 2 SYSTEMPATH\View\View.php(213): include('APPPATH\\Views\\peminjaman\\pinjam_edit.php')
 3 SYSTEMPATH\View\View.php(216): CodeIgniter\View\View->CodeIgniter\View\{closure}()
 4 SYSTEMPATH\Common.php(1177): CodeIgniter\View\View->render('peminjaman/pinjam_edit', [], true)
 5 APPPATH\Controllers\Peminjaman.php(319): view('peminjaman/pinjam_edit', [...])
 6 SYSTEMPATH\CodeIgniter.php(934): App\Controllers\Peminjaman->edit('92')
 7 SYSTEMPATH\CodeIgniter.php(499): CodeIgniter\CodeIgniter->runController(Object(App\Controllers\Peminjaman))
 8 SYSTEMPATH\CodeIgniter.php(368): CodeIgniter\CodeIgniter->handleRequest(null, Object(Config\Cache), false)
 9 FCPATH\index.php(67): CodeIgniter\CodeIgniter->run()
10 SYSTEMPATH\Commands\Server\rewrite.php(47): require_once('FCPATH\\index.php')
INFO - 2024-01-22 20:40:03 --> Session: Class initialized using 'CodeIgniter\Session\Handlers\FileHandler' driver.
CRITICAL - 2024-01-22 20:40:03 --> Undefined array key "kode_pinjam"
in APPPATH\Views\peminjaman\pinjam_edit.php on line 32.
 1 APPPATH\Views\peminjaman\pinjam_edit.php(32): CodeIgniter\Debug\Exceptions->errorHandler(2, 'Undefined array key "kode_pinjam"', 'APPPATH\\Views\\peminjaman\\pinjam_edit.php', 32)
 2 SYSTEMPATH\View\View.php(213): include('APPPATH\\Views\\peminjaman\\pinjam_edit.php')
 3 SYSTEMPATH\View\View.php(216): CodeIgniter\View\View->CodeIgniter\View\{closure}()
 4 SYSTEMPATH\Common.php(1177): CodeIgniter\View\View->render('peminjaman/pinjam_edit', [], true)
 5 APPPATH\Controllers\Peminjaman.php(319): view('peminjaman/pinjam_edit', [...])
 6 SYSTEMPATH\CodeIgniter.php(934): App\Controllers\Peminjaman->edit('92')
 7 SYSTEMPATH\CodeIgniter.php(499): CodeIgniter\CodeIgniter->runController(Object(App\Controllers\Peminjaman))
 8 SYSTEMPATH\CodeIgniter.php(368): CodeIgniter\CodeIgniter->handleRequest(null, Object(Config\Cache), false)
 9 FCPATH\index.php(67): CodeIgniter\CodeIgniter->run()
10 SYSTEMPATH\Commands\Server\rewrite.php(47): require_once('FCPATH\\index.php')
INFO - 2024-01-22 20:40:47 --> Session: Class initialized using 'CodeIgniter\Session\Handlers\FileHandler' driver.
CRITICAL - 2024-01-22 20:40:47 --> Undefined variable $barangByStatus
in APPPATH\Views\peminjaman\pinjam_edit.php on line 32.
 1 APPPATH\Views\peminjaman\pinjam_edit.php(32): CodeIgniter\Debug\Exceptions->errorHandler(2, 'Undefined variable $barangByStatus', 'APPPATH\\Views\\peminjaman\\pinjam_edit.php', 32)
 2 SYSTEMPATH\View\View.php(213): include('APPPATH\\Views\\peminjaman\\pinjam_edit.php')
 3 SYSTEMPATH\View\View.php(216): CodeIgniter\View\View->CodeIgniter\View\{closure}()
 4 SYSTEMPATH\Common.php(1177): CodeIgniter\View\View->render('peminjaman/pinjam_edit', [], true)
 5 APPPATH\Controllers\Peminjaman.php(319): view('peminjaman/pinjam_edit', [...])
 6 SYSTEMPATH\CodeIgniter.php(934): App\Controllers\Peminjaman->edit('92')
 7 SYSTEMPATH\CodeIgniter.php(499): CodeIgniter\CodeIgniter->runController(Object(App\Controllers\Peminjaman))
 8 SYSTEMPATH\CodeIgniter.php(368): CodeIgniter\CodeIgniter->handleRequest(null, Object(Config\Cache), false)
 9 FCPATH\index.php(67): CodeIgniter\CodeIgniter->run()
10 SYSTEMPATH\Commands\Server\rewrite.php(47): require_once('FCPATH\\index.php')
INFO - 2024-01-22 20:41:00 --> Session: Class initialized using 'CodeIgniter\Session\Handlers\FileHandler' driver.
CRITICAL - 2024-01-22 20:41:00 --> Undefined array key "kode_pinjam"
in APPPATH\Views\peminjaman\pinjam_edit.php on line 32.
 1 APPPATH\Views\peminjaman\pinjam_edit.php(32): CodeIgniter\Debug\Exceptions->errorHandler(2, 'Undefined array key "kode_pinjam"', 'APPPATH\\Views\\peminjaman\\pinjam_edit.php', 32)
 2 SYSTEMPATH\View\View.php(213): include('APPPATH\\Views\\peminjaman\\pinjam_edit.php')
 3 SYSTEMPATH\View\View.php(216): CodeIgniter\View\View->CodeIgniter\View\{closure}()
 4 SYSTEMPATH\Common.php(1177): CodeIgniter\View\View->render('peminjaman/pinjam_edit', [], true)
 5 APPPATH\Controllers\Peminjaman.php(319): view('peminjaman/pinjam_edit', [...])
 6 SYSTEMPATH\CodeIgniter.php(934): App\Controllers\Peminjaman->edit('92')
 7 SYSTEMPATH\CodeIgniter.php(499): CodeIgniter\CodeIgniter->runController(Object(App\Controllers\Peminjaman))
 8 SYSTEMPATH\CodeIgniter.php(368): CodeIgniter\CodeIgniter->handleRequest(null, Object(Config\Cache), false)
 9 FCPATH\index.php(67): CodeIgniter\CodeIgniter->run()
10 SYSTEMPATH\Commands\Server\rewrite.php(47): require_once('FCPATH\\index.php')
INFO - 2024-01-22 20:41:37 --> Session: Class initialized using 'CodeIgniter\Session\Handlers\FileHandler' driver.
INFO - 2024-01-22 20:42:31 --> Session: Class initialized using 'CodeIgniter\Session\Handlers\FileHandler' driver.
CRITICAL - 2024-01-22 20:42:32 --> Undefined array key "nama_peminjam"
in APPPATH\Views\peminjaman\pinjam_edit.php on line 32.
 1 APPPATH\Views\peminjaman\pinjam_edit.php(32): CodeIgniter\Debug\Exceptions->errorHandler(2, 'Undefined array key "nama_peminjam"', 'APPPATH\\Views\\peminjaman\\pinjam_edit.php', 32)
 2 SYSTEMPATH\View\View.php(213): include('APPPATH\\Views\\peminjaman\\pinjam_edit.php')
 3 SYSTEMPATH\View\View.php(216): CodeIgniter\View\View->CodeIgniter\View\{closure}()
 4 SYSTEMPATH\Common.php(1177): CodeIgniter\View\View->render('peminjaman/pinjam_edit', [], true)
 5 APPPATH\Controllers\Peminjaman.php(319): view('peminjaman/pinjam_edit', [...])
 6 SYSTEMPATH\CodeIgniter.php(934): App\Controllers\Peminjaman->edit('92')
 7 SYSTEMPATH\CodeIgniter.php(499): CodeIgniter\CodeIgniter->runController(Object(App\Controllers\Peminjaman))
 8 SYSTEMPATH\CodeIgniter.php(368): CodeIgniter\CodeIgniter->handleRequest(null, Object(Config\Cache), false)
 9 FCPATH\index.php(67): CodeIgniter\CodeIgniter->run()
10 SYSTEMPATH\Commands\Server\rewrite.php(47): require_once('FCPATH\\index.php')
INFO - 2024-01-22 20:44:52 --> Session: Class initialized using 'CodeIgniter\Session\Handlers\FileHandler' driver.
CRITICAL - 2024-01-22 20:44:52 --> Undefined array key "nama_peminjam"
in APPPATH\Views\peminjaman\pinjam_edit.php on line 32.
 1 APPPATH\Views\peminjaman\pinjam_edit.php(32): CodeIgniter\Debug\Exceptions->errorHandler(2, 'Undefined array key "nama_peminjam"', 'APPPATH\\Views\\peminjaman\\pinjam_edit.php', 32)
 2 SYSTEMPATH\View\View.php(213): include('APPPATH\\Views\\peminjaman\\pinjam_edit.php')
 3 SYSTEMPATH\View\View.php(216): CodeIgniter\View\View->CodeIgniter\View\{closure}()
 4 SYSTEMPATH\Common.php(1177): CodeIgniter\View\View->render('peminjaman/pinjam_edit', [], true)
 5 APPPATH\Controllers\Peminjaman.php(319): view('peminjaman/pinjam_edit', [...])
 6 SYSTEMPATH\CodeIgniter.php(934): App\Controllers\Peminjaman->edit('92')
 7 SYSTEMPATH\CodeIgniter.php(499): CodeIgniter\CodeIgniter->runController(Object(App\Controllers\Peminjaman))
 8 SYSTEMPATH\CodeIgniter.php(368): CodeIgniter\CodeIgniter->handleRequest(null, Object(Config\Cache), false)
 9 FCPATH\index.php(67): CodeIgniter\CodeIgniter->run()
10 SYSTEMPATH\Commands\Server\rewrite.php(47): require_once('FCPATH\\index.php')
INFO - 2024-01-22 20:45:02 --> Session: Class initialized using 'CodeIgniter\Session\Handlers\FileHandler' driver.
CRITICAL - 2024-01-22 20:45:02 --> Undefined array key "nama_peminjam"
in APPPATH\Views\peminjaman\pinjam_edit.php on line 32.
 1 APPPATH\Views\peminjaman\pinjam_edit.php(32): CodeIgniter\Debug\Exceptions->errorHandler(2, 'Undefined array key "nama_peminjam"', 'APPPATH\\Views\\peminjaman\\pinjam_edit.php', 32)
 2 SYSTEMPATH\View\View.php(213): include('APPPATH\\Views\\peminjaman\\pinjam_edit.php')
 3 SYSTEMPATH\View\View.php(216): CodeIgniter\View\View->CodeIgniter\View\{closure}()
 4 SYSTEMPATH\Common.php(1177): CodeIgniter\View\View->render('peminjaman/pinjam_edit', [], true)
 5 APPPATH\Controllers\Peminjaman.php(319): view('peminjaman/pinjam_edit', [...])
 6 SYSTEMPATH\CodeIgniter.php(934): App\Controllers\Peminjaman->edit('66')
 7 SYSTEMPATH\CodeIgniter.php(499): CodeIgniter\CodeIgniter->runController(Object(App\Controllers\Peminjaman))
 8 SYSTEMPATH\CodeIgniter.php(368): CodeIgniter\CodeIgniter->handleRequest(null, Object(Config\Cache), false)
 9 FCPATH\index.php(67): CodeIgniter\CodeIgniter->run()
10 SYSTEMPATH\Commands\Server\rewrite.php(47): require_once('FCPATH\\index.php')
INFO - 2024-01-22 20:45:50 --> Session: Class initialized using 'CodeIgniter\Session\Handlers\FileHandler' driver.
CRITICAL - 2024-01-22 20:45:50 --> Undefined array key "peminjaman_id"
in APPPATH\Views\peminjaman\pinjam_edit.php on line 32.
 1 APPPATH\Views\peminjaman\pinjam_edit.php(32): CodeIgniter\Debug\Exceptions->errorHandler(2, 'Undefined array key "peminjaman_id"', 'APPPATH\\Views\\peminjaman\\pinjam_edit.php', 32)
 2 SYSTEMPATH\View\View.php(213): include('APPPATH\\Views\\peminjaman\\pinjam_edit.php')
 3 SYSTEMPATH\View\View.php(216): CodeIgniter\View\View->CodeIgniter\View\{closure}()
 4 SYSTEMPATH\Common.php(1177): CodeIgniter\View\View->render('peminjaman/pinjam_edit', [], true)
 5 APPPATH\Controllers\Peminjaman.php(319): view('peminjaman/pinjam_edit', [...])
 6 SYSTEMPATH\CodeIgniter.php(934): App\Controllers\Peminjaman->edit('66')
 7 SYSTEMPATH\CodeIgniter.php(499): CodeIgniter\CodeIgniter->runController(Object(App\Controllers\Peminjaman))
 8 SYSTEMPATH\CodeIgniter.php(368): CodeIgniter\CodeIgniter->handleRequest(null, Object(Config\Cache), false)
 9 FCPATH\index.php(67): CodeIgniter\CodeIgniter->run()
10 SYSTEMPATH\Commands\Server\rewrite.php(47): require_once('FCPATH\\index.php')
INFO - 2024-01-22 20:46:35 --> Session: Class initialized using 'CodeIgniter\Session\Handlers\FileHandler' driver.
CRITICAL - 2024-01-22 20:46:35 --> Trying to access array offset on value of type null
in APPPATH\Views\peminjaman\pinjam_edit.php on line 32.
 1 APPPATH\Views\peminjaman\pinjam_edit.php(32): CodeIgniter\Debug\Exceptions->errorHandler(2, 'Trying to access array offset on value of type null', 'APPPATH\\Views\\peminjaman\\pinjam_edit.php', 32)
 2 SYSTEMPATH\View\View.php(213): include('APPPATH\\Views\\peminjaman\\pinjam_edit.php')
 3 SYSTEMPATH\View\View.php(216): CodeIgniter\View\View->CodeIgniter\View\{closure}()
 4 SYSTEMPATH\Common.php(1177): CodeIgniter\View\View->render('peminjaman/pinjam_edit', [], true)
 5 APPPATH\Controllers\Peminjaman.php(319): view('peminjaman/pinjam_edit', [...])
 6 SYSTEMPATH\CodeIgniter.php(934): App\Controllers\Peminjaman->edit('66')
 7 SYSTEMPATH\CodeIgniter.php(499): CodeIgniter\CodeIgniter->runController(Object(App\Controllers\Peminjaman))
 8 SYSTEMPATH\CodeIgniter.php(368): CodeIgniter\CodeIgniter->handleRequest(null, Object(Config\Cache), false)
 9 FCPATH\index.php(67): CodeIgniter\CodeIgniter->run()
10 SYSTEMPATH\Commands\Server\rewrite.php(47): require_once('FCPATH\\index.php')
INFO - 2024-01-22 20:46:48 --> Session: Class initialized using 'CodeIgniter\Session\Handlers\FileHandler' driver.
CRITICAL - 2024-01-22 20:46:48 --> Trying to access array offset on value of type null
in APPPATH\Views\peminjaman\pinjam_edit.php on line 32.
 1 APPPATH\Views\peminjaman\pinjam_edit.php(32): CodeIgniter\Debug\Exceptions->errorHandler(2, 'Trying to access array offset on value of type null', 'APPPATH\\Views\\peminjaman\\pinjam_edit.php', 32)
 2 SYSTEMPATH\View\View.php(213): include('APPPATH\\Views\\peminjaman\\pinjam_edit.php')
 3 SYSTEMPATH\View\View.php(216): CodeIgniter\View\View->CodeIgniter\View\{closure}()
 4 SYSTEMPATH\Common.php(1177): CodeIgniter\View\View->render('peminjaman/pinjam_edit', [], true)
 5 APPPATH\Controllers\Peminjaman.php(319): view('peminjaman/pinjam_edit', [...])
 6 SYSTEMPATH\CodeIgniter.php(934): App\Controllers\Peminjaman->edit('92')
 7 SYSTEMPATH\CodeIgniter.php(499): CodeIgniter\CodeIgniter->runController(Object(App\Controllers\Peminjaman))
 8 SYSTEMPATH\CodeIgniter.php(368): CodeIgniter\CodeIgniter->handleRequest(null, Object(Config\Cache), false)
 9 FCPATH\index.php(67): CodeIgniter\CodeIgniter->run()
10 SYSTEMPATH\Commands\Server\rewrite.php(47): require_once('FCPATH\\index.php')
INFO - 2024-01-22 20:47:21 --> Session: Class initialized using 'CodeIgniter\Session\Handlers\FileHandler' driver.
CRITICAL - 2024-01-22 20:47:21 --> Trying to access array offset on value of type null
in APPPATH\Views\peminjaman\pinjam_edit.php on line 32.
 1 APPPATH\Views\peminjaman\pinjam_edit.php(32): CodeIgniter\Debug\Exceptions->errorHandler(2, 'Trying to access array offset on value of type null', 'APPPATH\\Views\\peminjaman\\pinjam_edit.php', 32)
 2 SYSTEMPATH\View\View.php(213): include('APPPATH\\Views\\peminjaman\\pinjam_edit.php')
 3 SYSTEMPATH\View\View.php(216): CodeIgniter\View\View->CodeIgniter\View\{closure}()
 4 SYSTEMPATH\Common.php(1177): CodeIgniter\View\View->render('peminjaman/pinjam_edit', [], true)
 5 APPPATH\Controllers\Peminjaman.php(319): view('peminjaman/pinjam_edit', [...])
 6 SYSTEMPATH\CodeIgniter.php(934): App\Controllers\Peminjaman->edit('92')
 7 SYSTEMPATH\CodeIgniter.php(499): CodeIgniter\CodeIgniter->runController(Object(App\Controllers\Peminjaman))
 8 SYSTEMPATH\CodeIgniter.php(368): CodeIgniter\CodeIgniter->handleRequest(null, Object(Config\Cache), false)
 9 FCPATH\index.php(67): CodeIgniter\CodeIgniter->run()
10 SYSTEMPATH\Commands\Server\rewrite.php(47): require_once('FCPATH\\index.php')
INFO - 2024-01-22 20:48:27 --> Session: Class initialized using 'CodeIgniter\Session\Handlers\FileHandler' driver.
CRITICAL - 2024-01-22 20:48:27 --> Call to undefined method App\Models\PeminjamanbarangModel::getPeminjaman
in SYSTEMPATH\Model.php on line 840.
 1 APPPATH\Controllers\Peminjaman.php(307): CodeIgniter\Model->__call('getPeminjaman', [...])
 2 SYSTEMPATH\CodeIgniter.php(934): App\Controllers\Peminjaman->edit('92')
 3 SYSTEMPATH\CodeIgniter.php(499): CodeIgniter\CodeIgniter->runController(Object(App\Controllers\Peminjaman))
 4 SYSTEMPATH\CodeIgniter.php(368): CodeIgniter\CodeIgniter->handleRequest(null, Object(Config\Cache), false)
 5 FCPATH\index.php(67): CodeIgniter\CodeIgniter->run()
 6 SYSTEMPATH\Commands\Server\rewrite.php(47): require_once('FCPATH\\index.php')
INFO - 2024-01-22 20:49:22 --> Session: Class initialized using 'CodeIgniter\Session\Handlers\FileHandler' driver.
CRITICAL - 2024-01-22 20:49:22 --> Undefined variable $kode_pinjam
in APPPATH\Views\peminjaman\pinjam_edit.php on line 33.
 1 APPPATH\Views\peminjaman\pinjam_edit.php(33): CodeIgniter\Debug\Exceptions->errorHandler(2, 'Undefined variable $kode_pinjam', 'APPPATH\\Views\\peminjaman\\pinjam_edit.php', 33)
 2 SYSTEMPATH\View\View.php(213): include('APPPATH\\Views\\peminjaman\\pinjam_edit.php')
 3 SYSTEMPATH\View\View.php(216): CodeIgniter\View\View->CodeIgniter\View\{closure}()
 4 SYSTEMPATH\Common.php(1177): CodeIgniter\View\View->render('peminjaman/pinjam_edit', [], true)
 5 APPPATH\Controllers\Peminjaman.php(319): view('peminjaman/pinjam_edit', [...])
 6 SYSTEMPATH\CodeIgniter.php(934): App\Controllers\Peminjaman->edit('92')
 7 SYSTEMPATH\CodeIgniter.php(499): CodeIgniter\CodeIgniter->runController(Object(App\Controllers\Peminjaman))
 8 SYSTEMPATH\CodeIgniter.php(368): CodeIgniter\CodeIgniter->handleRequest(null, Object(Config\Cache), false)
 9 FCPATH\index.php(67): CodeIgniter\CodeIgniter->run()
10 SYSTEMPATH\Commands\Server\rewrite.php(47): require_once('FCPATH\\index.php')
INFO - 2024-01-22 20:50:04 --> Session: Class initialized using 'CodeIgniter\Session\Handlers\FileHandler' driver.
INFO - 2024-01-22 20:52:17 --> Session: Class initialized using 'CodeIgniter\Session\Handlers\FileHandler' driver.
INFO - 2024-01-22 20:53:01 --> Session: Class initialized using 'CodeIgniter\Session\Handlers\FileHandler' driver.
CRITICAL - 2024-01-22 20:53:01 --> Cannot access offset of type string on string
in APPPATH\Views\peminjaman\pinjam_edit.php on line 138.
 1 SYSTEMPATH\View\View.php(213): include()
 2 SYSTEMPATH\View\View.php(216): CodeIgniter\View\View->CodeIgniter\View\{closure}()
 3 SYSTEMPATH\Common.php(1177): CodeIgniter\View\View->render('peminjaman/pinjam_edit', [], true)
 4 APPPATH\Controllers\Peminjaman.php(344): view('peminjaman/pinjam_edit', [...])
 5 SYSTEMPATH\CodeIgniter.php(934): App\Controllers\Peminjaman->edit('92')
 6 SYSTEMPATH\CodeIgniter.php(499): CodeIgniter\CodeIgniter->runController(Object(App\Controllers\Peminjaman))
 7 SYSTEMPATH\CodeIgniter.php(368): CodeIgniter\CodeIgniter->handleRequest(null, Object(Config\Cache), false)
 8 FCPATH\index.php(67): CodeIgniter\CodeIgniter->run()
 9 SYSTEMPATH\Commands\Server\rewrite.php(47): require_once('FCPATH\\index.php')
INFO - 2024-01-22 20:54:20 --> Session: Class initialized using 'CodeIgniter\Session\Handlers\FileHandler' driver.
CRITICAL - 2024-01-22 20:54:21 --> Cannot access offset of type string on string
in APPPATH\Views\peminjaman\pinjam_edit.php on line 139.
 1 SYSTEMPATH\View\View.php(213): include()
 2 SYSTEMPATH\View\View.php(216): CodeIgniter\View\View->CodeIgniter\View\{closure}()
 3 SYSTEMPATH\Common.php(1177): CodeIgniter\View\View->render('peminjaman/pinjam_edit', [], true)
 4 APPPATH\Controllers\Peminjaman.php(344): view('peminjaman/pinjam_edit', [...])
 5 SYSTEMPATH\CodeIgniter.php(934): App\Controllers\Peminjaman->edit('92')
 6 SYSTEMPATH\CodeIgniter.php(499): CodeIgniter\CodeIgniter->runController(Object(App\Controllers\Peminjaman))
 7 SYSTEMPATH\CodeIgniter.php(368): CodeIgniter\CodeIgniter->handleRequest(null, Object(Config\Cache), false)
 8 FCPATH\index.php(67): CodeIgniter\CodeIgniter->run()
 9 SYSTEMPATH\Commands\Server\rewrite.php(47): require_once('FCPATH\\index.php')
INFO - 2024-01-22 20:54:57 --> Session: Class initialized using 'CodeIgniter\Session\Handlers\FileHandler' driver.
INFO - 2024-01-22 20:56:11 --> Session: Class initialized using 'CodeIgniter\Session\Handlers\FileHandler' driver.
CRITICAL - 2024-01-22 20:56:11 --> Undefined array key "penggunaan"
in APPPATH\Views\peminjaman\pinjam_edit.php on line 87.
 1 APPPATH\Views\peminjaman\pinjam_edit.php(87): CodeIgniter\Debug\Exceptions->errorHandler(2, 'Undefined array key "penggunaan"', 'APPPATH\\Views\\peminjaman\\pinjam_edit.php', 87)
 2 SYSTEMPATH\View\View.php(213): include('APPPATH\\Views\\peminjaman\\pinjam_edit.php')
 3 SYSTEMPATH\View\View.php(216): CodeIgniter\View\View->CodeIgniter\View\{closure}()
 4 SYSTEMPATH\Common.php(1177): CodeIgniter\View\View->render('peminjaman/pinjam_edit', [], true)
 5 APPPATH\Controllers\Peminjaman.php(344): view('peminjaman/pinjam_edit', [...])
 6 SYSTEMPATH\CodeIgniter.php(934): App\Controllers\Peminjaman->edit('92')
 7 SYSTEMPATH\CodeIgniter.php(499): CodeIgniter\CodeIgniter->runController(Object(App\Controllers\Peminjaman))
 8 SYSTEMPATH\CodeIgniter.php(368): CodeIgniter\CodeIgniter->handleRequest(null, Object(Config\Cache), false)
 9 FCPATH\index.php(67): CodeIgniter\CodeIgniter->run()
10 SYSTEMPATH\Commands\Server\rewrite.php(47): require_once('FCPATH\\index.php')
INFO - 2024-01-22 20:56:36 --> Session: Class initialized using 'CodeIgniter\Session\Handlers\FileHandler' driver.
CRITICAL - 2024-01-22 20:56:36 --> Undefined array key "pembelajaran"
in APPPATH\Views\peminjaman\pinjam_edit.php on line 101.
 1 APPPATH\Views\peminjaman\pinjam_edit.php(101): CodeIgniter\Debug\Exceptions->errorHandler(2, 'Undefined array key "pembelajaran"', 'APPPATH\\Views\\peminjaman\\pinjam_edit.php', 101)
 2 SYSTEMPATH\View\View.php(213): include('APPPATH\\Views\\peminjaman\\pinjam_edit.php')
 3 SYSTEMPATH\View\View.php(216): CodeIgniter\View\View->CodeIgniter\View\{closure}()
 4 SYSTEMPATH\Common.php(1177): CodeIgniter\View\View->render('peminjaman/pinjam_edit', [], true)
 5 APPPATH\Controllers\Peminjaman.php(344): view('peminjaman/pinjam_edit', [...])
 6 SYSTEMPATH\CodeIgniter.php(934): App\Controllers\Peminjaman->edit('92')
 7 SYSTEMPATH\CodeIgniter.php(499): CodeIgniter\CodeIgniter->runController(Object(App\Controllers\Peminjaman))
 8 SYSTEMPATH\CodeIgniter.php(368): CodeIgniter\CodeIgniter->handleRequest(null, Object(Config\Cache), false)
 9 FCPATH\index.php(67): CodeIgniter\CodeIgniter->run()
10 SYSTEMPATH\Commands\Server\rewrite.php(47): require_once('FCPATH\\index.php')
INFO - 2024-01-22 20:57:24 --> Session: Class initialized using 'CodeIgniter\Session\Handlers\FileHandler' driver.
CRITICAL - 2024-01-22 20:57:24 --> Undefined array key "nama_pembelajaran"
in APPPATH\Views\peminjaman\pinjam_edit.php on line 101.
 1 APPPATH\Views\peminjaman\pinjam_edit.php(101): CodeIgniter\Debug\Exceptions->errorHandler(2, 'Undefined array key "nama_pembelajaran"', 'APPPATH\\Views\\peminjaman\\pinjam_edit.php', 101)
 2 SYSTEMPATH\View\View.php(213): include('APPPATH\\Views\\peminjaman\\pinjam_edit.php')
 3 SYSTEMPATH\View\View.php(216): CodeIgniter\View\View->CodeIgniter\View\{closure}()
 4 SYSTEMPATH\Common.php(1177): CodeIgniter\View\View->render('peminjaman/pinjam_edit', [], true)
 5 APPPATH\Controllers\Peminjaman.php(344): view('peminjaman/pinjam_edit', [...])
 6 SYSTEMPATH\CodeIgniter.php(934): App\Controllers\Peminjaman->edit('92')
 7 SYSTEMPATH\CodeIgniter.php(499): CodeIgniter\CodeIgniter->runController(Object(App\Controllers\Peminjaman))
 8 SYSTEMPATH\CodeIgniter.php(368): CodeIgniter\CodeIgniter->handleRequest(null, Object(Config\Cache), false)
 9 FCPATH\index.php(67): CodeIgniter\CodeIgniter->run()
10 SYSTEMPATH\Commands\Server\rewrite.php(47): require_once('FCPATH\\index.php')
INFO - 2024-01-22 20:58:47 --> Session: Class initialized using 'CodeIgniter\Session\Handlers\FileHandler' driver.
CRITICAL - 2024-01-22 20:58:47 --> Undefined array key "nama_pembelajaran"
in APPPATH\Views\peminjaman\pinjam_edit.php on line 101.
 1 APPPATH\Views\peminjaman\pinjam_edit.php(101): CodeIgniter\Debug\Exceptions->errorHandler(2, 'Undefined array key "nama_pembelajaran"', 'APPPATH\\Views\\peminjaman\\pinjam_edit.php', 101)
 2 SYSTEMPATH\View\View.php(213): include('APPPATH\\Views\\peminjaman\\pinjam_edit.php')
 3 SYSTEMPATH\View\View.php(216): CodeIgniter\View\View->CodeIgniter\View\{closure}()
 4 SYSTEMPATH\Common.php(1177): CodeIgniter\View\View->render('peminjaman/pinjam_edit', [], true)
 5 APPPATH\Controllers\Peminjaman.php(344): view('peminjaman/pinjam_edit', [...])
 6 SYSTEMPATH\CodeIgniter.php(934): App\Controllers\Peminjaman->edit('92')
 7 SYSTEMPATH\CodeIgniter.php(499): CodeIgniter\CodeIgniter->runController(Object(App\Controllers\Peminjaman))
 8 SYSTEMPATH\CodeIgniter.php(368): CodeIgniter\CodeIgniter->handleRequest(null, Object(Config\Cache), false)
 9 FCPATH\index.php(67): CodeIgniter\CodeIgniter->run()
10 SYSTEMPATH\Commands\Server\rewrite.php(47): require_once('FCPATH\\index.php')
